2020-01-16 17:50:18.227 - INFO  [main] com.warsbull.BlogApplication : Starting BlogApplication on DESKTOP-H8N7A1J with PID 2576 (E:\Projects\parent\target\classes started by T6094 in E:\Projects\parent)
2020-01-16 17:50:18.236 - INFO  [main] com.warsbull.BlogApplication : No active profile set, falling back to default profiles: default
2020-01-16 17:50:18.850 - INFO  [main] springframework.data.repository.config.RepositoryConfigurationDelegate : Multiple Spring Data modules found, entering strict repository configuration mode!
2020-01-16 17:50:18.852 - INFO  [main] springframework.data.repository.config.RepositoryConfigurationDelegate : Bootstrapping Spring Data JPA repositories in DEFAULT mode.
2020-01-16 17:50:18.936 - INFO  [main] springframework.data.repository.config.RepositoryConfigurationDelegate : Finished Spring Data repository scanning in 75ms. Found 3 JPA repository interfaces.
2020-01-16 17:50:18.949 - INFO  [main] springframework.data.repository.config.RepositoryConfigurationDelegate : Multiple Spring Data modules found, entering strict repository configuration mode!
2020-01-16 17:50:18.950 - INFO  [main] springframework.data.repository.config.RepositoryConfigurationDelegate : Bootstrapping Spring Data Redis repositories in DEFAULT mode.
2020-01-16 17:50:18.969 - INFO  [main] springframework.data.repository.config.RepositoryConfigurationExtensionSupport : Spring Data Redis - Could not safely identify store assignment for repository candidate interface com.warsbull.commons.dao.LogDao. If you want this repository to be a Redis repository, consider annotating your entities with one of these annotations: org.springframework.data.redis.core.RedisHash (preferred), or consider extending one of the following types with your repository: org.springframework.data.keyvalue.repository.KeyValueRepository.
2020-01-16 17:50:18.970 - INFO  [main] springframework.data.repository.config.RepositoryConfigurationExtensionSupport : Spring Data Redis - Could not safely identify store assignment for repository candidate interface com.warsbull.system.dao.MenuDao. If you want this repository to be a Redis repository, consider annotating your entities with one of these annotations: org.springframework.data.redis.core.RedisHash (preferred), or consider extending one of the following types with your repository: org.springframework.data.keyvalue.repository.KeyValueRepository.
2020-01-16 17:50:18.971 - INFO  [main] springframework.data.repository.config.RepositoryConfigurationExtensionSupport : Spring Data Redis - Could not safely identify store assignment for repository candidate interface com.warsbull.system.dao.UserDao. If you want this repository to be a Redis repository, consider annotating your entities with one of these annotations: org.springframework.data.redis.core.RedisHash (preferred), or consider extending one of the following types with your repository: org.springframework.data.keyvalue.repository.KeyValueRepository.
2020-01-16 17:50:18.971 - INFO  [main] springframework.data.repository.config.RepositoryConfigurationDelegate : Finished Spring Data repository scanning in 12ms. Found 0 Redis repository interfaces.
2020-01-16 17:50:19.311 - INFO  [main] org.springframework.context.support.PostProcessorRegistrationDelegate$BeanPostProcessorChecker : Bean 'shiroProperties' of type [com.warsbull.commons.security.ShiroProperties] is not eligible for getting processed by all BeanPostProcessors (for example: not eligible for auto-proxying)
2020-01-16 17:50:19.313 - INFO  [main] org.springframework.context.support.PostProcessorRegistrationDelegate$BeanPostProcessorChecker : Bean 'shiroConfig' of type [com.warsbull.commons.config.ShiroConfig$$EnhancerBySpringCGLIB$$f22a1c35] is not eligible for getting processed by all BeanPostProcessors (for example: not eligible for auto-proxying)
2020-01-16 17:50:19.329 - INFO  [main] org.springframework.context.support.PostProcessorRegistrationDelegate$BeanPostProcessorChecker : Bean 'ehCacheManager' of type [org.apache.shiro.cache.ehcache.EhCacheManager] is not eligible for getting processed by all BeanPostProcessors (for example: not eligible for auto-proxying)
2020-01-16 17:50:19.616 - INFO  [main] org.springframework.context.support.PostProcessorRegistrationDelegate$BeanPostProcessorChecker : Bean 'sysShiroRealm' of type [com.warsbull.commons.security.SystemAuthorizingRealm] is not eligible for getting processed by all BeanPostProcessors (for example: not eligible for auto-proxying)
2020-01-16 17:50:19.821 - INFO  [main] apache.shiro.cache.ehcache.EhCacheManager : Cache with name 'com.warsbull.commons.security.SystemAuthorizingRealm.authorizationCache' does not yet exist.  Creating now.
2020-01-16 17:50:19.823 - INFO  [main] apache.shiro.cache.ehcache.EhCacheManager : Added EhCache named [com.warsbull.commons.security.SystemAuthorizingRealm.authorizationCache]
2020-01-16 17:50:19.827 - INFO  [main] org.springframework.context.support.PostProcessorRegistrationDelegate$BeanPostProcessorChecker : Bean 'securityManager' of type [org.apache.shiro.web.mgt.DefaultWebSecurityManager] is not eligible for getting processed by all BeanPostProcessors (for example: not eligible for auto-proxying)
2020-01-16 17:50:19.869 - INFO  [main] org.springframework.context.support.PostProcessorRegistrationDelegate$BeanPostProcessorChecker : Bean 'authorizationAttributeSourceAdvisor' of type [org.apache.shiro.spring.security.interceptor.AuthorizationAttributeSourceAdvisor] is not eligible for getting processed by all BeanPostProcessors (for example: not eligible for auto-proxying)
2020-01-16 17:50:19.885 - INFO  [main] org.springframework.context.support.PostProcessorRegistrationDelegate$BeanPostProcessorChecker : Bean 'org.springframework.transaction.annotation.ProxyTransactionManagementConfiguration' of type [org.springframework.transaction.annotation.ProxyTransactionManagementConfiguration] is not eligible for getting processed by all BeanPostProcessors (for example: not eligible for auto-proxying)
2020-01-16 17:50:19.942 - INFO  [main] org.springframework.context.support.PostProcessorRegistrationDelegate$BeanPostProcessorChecker : Bean 'spring.redis-org.springframework.boot.autoconfigure.data.redis.RedisProperties' of type [org.springframework.boot.autoconfigure.data.redis.RedisProperties] is not eligible for getting processed by all BeanPostProcessors (for example: not eligible for auto-proxying)
2020-01-16 17:50:19.948 - INFO  [main] org.springframework.context.support.PostProcessorRegistrationDelegate$BeanPostProcessorChecker : Bean 'org.springframework.boot.autoconfigure.data.redis.LettuceConnectionConfiguration' of type [org.springframework.boot.autoconfigure.data.redis.LettuceConnectionConfiguration] is not eligible for getting processed by all BeanPostProcessors (for example: not eligible for auto-proxying)
2020-01-16 17:50:20.075 - INFO  [main] org.springframework.context.support.PostProcessorRegistrationDelegate$BeanPostProcessorChecker : Bean 'lettuceClientResources' of type [io.lettuce.core.resource.DefaultClientResources] is not eligible for getting processed by all BeanPostProcessors (for example: not eligible for auto-proxying)
2020-01-16 17:50:20.179 - INFO  [main] org.springframework.context.support.PostProcessorRegistrationDelegate$BeanPostProcessorChecker : Bean 'redisConnectionFactory' of type [org.springframework.data.redis.connection.lettuce.LettuceConnectionFactory] is not eligible for getting processed by all BeanPostProcessors (for example: not eligible for auto-proxying)
2020-01-16 17:50:20.187 - INFO  [main] org.springframework.context.support.PostProcessorRegistrationDelegate$BeanPostProcessorChecker : Bean 'redisConfig' of type [com.warsbull.commons.config.RedisConfig$$EnhancerBySpringCGLIB$$3cf8a37f] is not eligible for getting processed by all BeanPostProcessors (for example: not eligible for auto-proxying)
2020-01-16 17:50:20.538 - INFO  [main] boot.web.embedded.tomcat.TomcatWebServer : Tomcat initialized with port(s): 8088 (http)
2020-01-16 17:50:20.548 - INFO  [main] org.apache.coyote.http11.Http11NioProtocol : Initializing ProtocolHandler ["http-nio-8088"]
2020-01-16 17:50:20.549 - INFO  [main] org.apache.catalina.core.StandardService : Starting service [Tomcat]
2020-01-16 17:50:20.549 - INFO  [main] org.apache.catalina.core.StandardEngine : Starting Servlet engine: [Apache Tomcat/9.0.29]
2020-01-16 17:50:20.669 - INFO  [main] core.ContainerBase.[Tomcat].[localhost].[/] : Initializing Spring embedded WebApplicationContext
2020-01-16 17:50:20.669 - INFO  [main] org.springframework.web.context.ContextLoader : Root WebApplicationContext: initialization completed in 2395 ms
2020-01-16 17:50:20.994 - INFO  [main] hibernate.jpa.internal.util.LogHelper : HHH000204: Processing PersistenceUnitInfo [name: default]
2020-01-16 17:50:21.075 - INFO  [main] org.hibernate.Version : HHH000412: Hibernate Core {5.4.7.Final}
2020-01-16 17:50:21.237 - INFO  [main] org.hibernate.annotations.common.Version : HCANN000001: Hibernate Commons Annotations {5.1.0.Final}
2020-01-16 17:50:21.374 - INFO  [main] com.alibaba.druid.pool.DruidDataSource : {dataSource-1} inited
2020-01-16 17:50:21.476 - INFO  [main] org.hibernate.dialect.Dialect : HHH000400: Using dialect: org.hibernate.dialect.MySQL8Dialect
2020-01-16 17:50:21.667 - WARN  [main] org.hibernate.id.UUIDHexGenerator : HHH000409: Using org.hibernate.id.UUIDHexGenerator which does not generate IETF RFC 4122 compliant UUID values; consider using org.hibernate.id.UUIDGenerator instead
2020-01-16 17:50:22.386 - INFO  [main] transaction.jta.platform.internal.JtaPlatformInitiator : HHH000490: Using JtaPlatform implementation: [org.hibernate.engine.transaction.jta.platform.internal.NoJtaPlatform]
2020-01-16 17:50:22.393 - INFO  [main] org.springframework.orm.jpa.LocalContainerEntityManagerFactoryBean : Initialized JPA EntityManagerFactory for persistence unit 'default'
2020-01-16 17:50:23.489 - INFO  [main] org.springframework.scheduling.concurrent.ThreadPoolTaskExecutor : Initializing ExecutorService 'applicationTaskExecutor'
2020-01-16 17:50:23.909 - INFO  [main] org.apache.coyote.http11.Http11NioProtocol : Starting ProtocolHandler ["http-nio-8088"]
2020-01-16 17:50:23.936 - INFO  [main] boot.web.embedded.tomcat.TomcatWebServer : Tomcat started on port(s): 8088 (http) with context path ''
2020-01-16 17:50:23.938 - INFO  [main] com.warsbull.BlogApplication : Started BlogApplication in 6.074 seconds (JVM running for 7.702)
2020-01-16 17:50:38.710 - INFO  [http-nio-8088-exec-3] tomcat.util.http.parser.Cookie : A cookie header was received [1578384938; JSESSIONID=4C71FF9932F7A8A26DE879B708102573] that contained an invalid cookie. That cookie will be ignored.
 Note: further occurrences of this error will be logged at DEBUG level.
2020-01-16 17:50:38.718 - INFO  [http-nio-8088-exec-3] core.ContainerBase.[Tomcat].[localhost].[/] : Initializing Spring DispatcherServlet 'dispatcherServlet'
2020-01-16 17:50:38.718 - INFO  [http-nio-8088-exec-3] org.springframework.web.servlet.DispatcherServlet : Initializing Servlet 'dispatcherServlet'
2020-01-16 17:50:38.727 - INFO  [http-nio-8088-exec-3] org.springframework.web.servlet.DispatcherServlet : Completed initialization in 9 ms
2020-01-16 17:50:38.785 - INFO  [http-nio-8088-exec-3] apache.shiro.cache.ehcache.EhCacheManager : Using existing EHCache named [userCache]
2020-01-16 17:50:38.785 - INFO  [http-nio-8088-exec-3] apache.shiro.cache.ehcache.EhCacheManager : Using existing EHCache named [userCache]
2020-01-16 17:50:38.858 - INFO  [http-nio-8088-exec-3] apache.shiro.cache.ehcache.EhCacheManager : Using existing EHCache named [userCache]
2020-01-16 17:50:38.879 - INFO  [http-nio-8088-exec-3] apache.shiro.cache.ehcache.EhCacheManager : Using existing EHCache named [userCache]
2020-01-16 17:50:38.879 - INFO  [http-nio-8088-exec-3] apache.shiro.cache.ehcache.EhCacheManager : Using existing EHCache named [userCache]
2020-01-16 17:50:39.904 - INFO  [http-nio-8088-exec-2] apache.shiro.cache.ehcache.EhCacheManager : Using existing EHCache named [userCache]
2020-01-16 17:50:39.904 - INFO  [http-nio-8088-exec-2] apache.shiro.cache.ehcache.EhCacheManager : Using existing EHCache named [userCache]
2020-01-16 17:56:19.631 - INFO  [main] com.warsbull.BlogApplication : Starting BlogApplication on DESKTOP-H8N7A1J with PID 5568 (C:\Users\T6094\Desktop\localGit\MyFirstRep\warsbull\target\classes started by T6094 in C:\Users\T6094\Desktop\localGit\MyFirstRep\warsbull)
2020-01-16 17:56:19.640 - INFO  [main] com.warsbull.BlogApplication : No active profile set, falling back to default profiles: default
2020-01-16 17:56:20.346 - INFO  [main] springframework.data.repository.config.RepositoryConfigurationDelegate : Multiple Spring Data modules found, entering strict repository configuration mode!
2020-01-16 17:56:20.348 - INFO  [main] springframework.data.repository.config.RepositoryConfigurationDelegate : Bootstrapping Spring Data JPA repositories in DEFAULT mode.
2020-01-16 17:56:20.453 - INFO  [main] springframework.data.repository.config.RepositoryConfigurationDelegate : Finished Spring Data repository scanning in 96ms. Found 3 JPA repository interfaces.
2020-01-16 17:56:20.469 - INFO  [main] springframework.data.repository.config.RepositoryConfigurationDelegate : Multiple Spring Data modules found, entering strict repository configuration mode!
2020-01-16 17:56:20.470 - INFO  [main] springframework.data.repository.config.RepositoryConfigurationDelegate : Bootstrapping Spring Data Redis repositories in DEFAULT mode.
2020-01-16 17:56:20.496 - INFO  [main] springframework.data.repository.config.RepositoryConfigurationExtensionSupport : Spring Data Redis - Could not safely identify store assignment for repository candidate interface com.warsbull.commons.dao.LogDao. If you want this repository to be a Redis repository, consider annotating your entities with one of these annotations: org.springframework.data.redis.core.RedisHash (preferred), or consider extending one of the following types with your repository: org.springframework.data.keyvalue.repository.KeyValueRepository.
2020-01-16 17:56:20.496 - INFO  [main] springframework.data.repository.config.RepositoryConfigurationExtensionSupport : Spring Data Redis - Could not safely identify store assignment for repository candidate interface com.warsbull.system.dao.MenuDao. If you want this repository to be a Redis repository, consider annotating your entities with one of these annotations: org.springframework.data.redis.core.RedisHash (preferred), or consider extending one of the following types with your repository: org.springframework.data.keyvalue.repository.KeyValueRepository.
2020-01-16 17:56:20.497 - INFO  [main] springframework.data.repository.config.RepositoryConfigurationExtensionSupport : Spring Data Redis - Could not safely identify store assignment for repository candidate interface com.warsbull.system.dao.UserDao. If you want this repository to be a Redis repository, consider annotating your entities with one of these annotations: org.springframework.data.redis.core.RedisHash (preferred), or consider extending one of the following types with your repository: org.springframework.data.keyvalue.repository.KeyValueRepository.
2020-01-16 17:56:20.497 - INFO  [main] springframework.data.repository.config.RepositoryConfigurationDelegate : Finished Spring Data repository scanning in 18ms. Found 0 Redis repository interfaces.
2020-01-16 17:56:20.810 - INFO  [main] org.springframework.context.support.PostProcessorRegistrationDelegate$BeanPostProcessorChecker : Bean 'shiroProperties' of type [com.warsbull.commons.security.ShiroProperties] is not eligible for getting processed by all BeanPostProcessors (for example: not eligible for auto-proxying)
2020-01-16 17:56:20.811 - INFO  [main] org.springframework.context.support.PostProcessorRegistrationDelegate$BeanPostProcessorChecker : Bean 'shiroConfig' of type [com.warsbull.commons.config.ShiroConfig$$EnhancerBySpringCGLIB$$6253a9e7] is not eligible for getting processed by all BeanPostProcessors (for example: not eligible for auto-proxying)
2020-01-16 17:56:20.827 - INFO  [main] org.springframework.context.support.PostProcessorRegistrationDelegate$BeanPostProcessorChecker : Bean 'ehCacheManager' of type [org.apache.shiro.cache.ehcache.EhCacheManager] is not eligible for getting processed by all BeanPostProcessors (for example: not eligible for auto-proxying)
2020-01-16 17:56:21.119 - INFO  [main] org.springframework.context.support.PostProcessorRegistrationDelegate$BeanPostProcessorChecker : Bean 'sysShiroRealm' of type [com.warsbull.commons.security.SystemAuthorizingRealm] is not eligible for getting processed by all BeanPostProcessors (for example: not eligible for auto-proxying)
2020-01-16 17:56:21.315 - INFO  [main] apache.shiro.cache.ehcache.EhCacheManager : Cache with name 'com.warsbull.commons.security.SystemAuthorizingRealm.authorizationCache' does not yet exist.  Creating now.
2020-01-16 17:56:21.317 - INFO  [main] apache.shiro.cache.ehcache.EhCacheManager : Added EhCache named [com.warsbull.commons.security.SystemAuthorizingRealm.authorizationCache]
2020-01-16 17:56:21.321 - INFO  [main] org.springframework.context.support.PostProcessorRegistrationDelegate$BeanPostProcessorChecker : Bean 'securityManager' of type [org.apache.shiro.web.mgt.DefaultWebSecurityManager] is not eligible for getting processed by all BeanPostProcessors (for example: not eligible for auto-proxying)
2020-01-16 17:56:21.351 - INFO  [main] org.springframework.context.support.PostProcessorRegistrationDelegate$BeanPostProcessorChecker : Bean 'authorizationAttributeSourceAdvisor' of type [org.apache.shiro.spring.security.interceptor.AuthorizationAttributeSourceAdvisor] is not eligible for getting processed by all BeanPostProcessors (for example: not eligible for auto-proxying)
2020-01-16 17:56:21.366 - INFO  [main] org.springframework.context.support.PostProcessorRegistrationDelegate$BeanPostProcessorChecker : Bean 'org.springframework.transaction.annotation.ProxyTransactionManagementConfiguration' of type [org.springframework.transaction.annotation.ProxyTransactionManagementConfiguration] is not eligible for getting processed by all BeanPostProcessors (for example: not eligible for auto-proxying)
2020-01-16 17:56:21.406 - INFO  [main] org.springframework.context.support.PostProcessorRegistrationDelegate$BeanPostProcessorChecker : Bean 'spring.redis-org.springframework.boot.autoconfigure.data.redis.RedisProperties' of type [org.springframework.boot.autoconfigure.data.redis.RedisProperties] is not eligible for getting processed by all BeanPostProcessors (for example: not eligible for auto-proxying)
2020-01-16 17:56:21.411 - INFO  [main] org.springframework.context.support.PostProcessorRegistrationDelegate$BeanPostProcessorChecker : Bean 'org.springframework.boot.autoconfigure.data.redis.LettuceConnectionConfiguration' of type [org.springframework.boot.autoconfigure.data.redis.LettuceConnectionConfiguration] is not eligible for getting processed by all BeanPostProcessors (for example: not eligible for auto-proxying)
2020-01-16 17:56:21.508 - INFO  [main] org.springframework.context.support.PostProcessorRegistrationDelegate$BeanPostProcessorChecker : Bean 'lettuceClientResources' of type [io.lettuce.core.resource.DefaultClientResources] is not eligible for getting processed by all BeanPostProcessors (for example: not eligible for auto-proxying)
2020-01-16 17:56:21.592 - INFO  [main] org.springframework.context.support.PostProcessorRegistrationDelegate$BeanPostProcessorChecker : Bean 'redisConnectionFactory' of type [org.springframework.data.redis.connection.lettuce.LettuceConnectionFactory] is not eligible for getting processed by all BeanPostProcessors (for example: not eligible for auto-proxying)
2020-01-16 17:56:21.599 - INFO  [main] org.springframework.context.support.PostProcessorRegistrationDelegate$BeanPostProcessorChecker : Bean 'redisConfig' of type [com.warsbull.commons.config.RedisConfig$$EnhancerBySpringCGLIB$$ad223131] is not eligible for getting processed by all BeanPostProcessors (for example: not eligible for auto-proxying)
2020-01-16 17:56:21.940 - INFO  [main] boot.web.embedded.tomcat.TomcatWebServer : Tomcat initialized with port(s): 8088 (http)
2020-01-16 17:56:21.951 - INFO  [main] org.apache.coyote.http11.Http11NioProtocol : Initializing ProtocolHandler ["http-nio-8088"]
2020-01-16 17:56:21.952 - INFO  [main] org.apache.catalina.core.StandardService : Starting service [Tomcat]
2020-01-16 17:56:21.952 - INFO  [main] org.apache.catalina.core.StandardEngine : Starting Servlet engine: [Apache Tomcat/9.0.29]
2020-01-16 17:56:22.093 - INFO  [main] core.ContainerBase.[Tomcat].[localhost].[/] : Initializing Spring embedded WebApplicationContext
2020-01-16 17:56:22.094 - INFO  [main] org.springframework.web.context.ContextLoader : Root WebApplicationContext: initialization completed in 2407 ms
2020-01-16 17:56:22.520 - INFO  [main] hibernate.jpa.internal.util.LogHelper : HHH000204: Processing PersistenceUnitInfo [name: default]
2020-01-16 17:56:22.679 - INFO  [main] org.hibernate.Version : HHH000412: Hibernate Core {5.4.7.Final}
2020-01-16 17:56:22.921 - INFO  [main] org.hibernate.annotations.common.Version : HCANN000001: Hibernate Commons Annotations {5.1.0.Final}
2020-01-16 17:56:23.076 - INFO  [main] com.alibaba.druid.pool.DruidDataSource : {dataSource-1} inited
2020-01-16 17:56:23.206 - INFO  [main] org.hibernate.dialect.Dialect : HHH000400: Using dialect: org.hibernate.dialect.MySQL8Dialect
2020-01-16 17:56:23.421 - WARN  [main] org.hibernate.id.UUIDHexGenerator : HHH000409: Using org.hibernate.id.UUIDHexGenerator which does not generate IETF RFC 4122 compliant UUID values; consider using org.hibernate.id.UUIDGenerator instead
2020-01-16 17:56:24.194 - INFO  [main] transaction.jta.platform.internal.JtaPlatformInitiator : HHH000490: Using JtaPlatform implementation: [org.hibernate.engine.transaction.jta.platform.internal.NoJtaPlatform]
2020-01-16 17:56:24.203 - INFO  [main] org.springframework.orm.jpa.LocalContainerEntityManagerFactoryBean : Initialized JPA EntityManagerFactory for persistence unit 'default'
2020-01-16 17:56:25.323 - INFO  [main] org.springframework.scheduling.concurrent.ThreadPoolTaskExecutor : Initializing ExecutorService 'applicationTaskExecutor'
2020-01-16 17:56:25.727 - INFO  [main] org.apache.coyote.http11.Http11NioProtocol : Starting ProtocolHandler ["http-nio-8088"]
2020-01-16 17:56:25.756 - INFO  [main] boot.web.embedded.tomcat.TomcatWebServer : Tomcat started on port(s): 8088 (http) with context path ''
2020-01-16 17:56:25.758 - INFO  [main] com.warsbull.BlogApplication : Started BlogApplication in 6.498 seconds (JVM running for 8.292)
