2020-01-16 11:14:30.285 - INFO  [main] springframework.boot.test.context.SpringBootTestContextBootstrapper : Neither @ContextConfiguration nor @ContextHierarchy found for test class [com.warsbull.blog.controller.InitTest], using SpringBootContextLoader
2020-01-16 11:14:30.303 - INFO  [main] springframework.test.context.support.AbstractContextLoader : Could not detect default resource locations for test class [com.warsbull.blog.controller.InitTest]: no resource found for suffixes {-context.xml, Context.groovy}.
2020-01-16 11:14:30.303 - INFO  [main] springframework.test.context.support.AnnotationConfigContextLoaderUtils : Could not detect default configuration classes for test class [com.warsbull.blog.controller.InitTest]: InitTest does not declare any static, non-private, non-final, nested classes annotated with @Configuration.
2020-01-16 11:14:30.444 - INFO  [main] springframework.boot.test.context.SpringBootTestContextBootstrapper : Found @SpringBootConfiguration com.warsbull.BlogApplication for test class com.warsbull.blog.controller.InitTest
2020-01-16 11:14:30.548 - INFO  [main] springframework.boot.test.context.SpringBootTestContextBootstrapper : Loaded default TestExecutionListener class names from location [META-INF/spring.factories]: [org.springframework.boot.test.mock.mockito.MockitoTestExecutionListener, org.springframework.boot.test.mock.mockito.ResetMocksTestExecutionListener, org.springframework.boot.test.autoconfigure.restdocs.RestDocsTestExecutionListener, org.springframework.boot.test.autoconfigure.web.client.MockRestServiceServerResetTestExecutionListener, org.springframework.boot.test.autoconfigure.web.servlet.MockMvcPrintOnlyOnFailureTestExecutionListener, org.springframework.boot.test.autoconfigure.web.servlet.WebDriverTestExecutionListener, org.springframework.test.context.web.ServletTestExecutionListener, org.springframework.test.context.support.DirtiesContextBeforeModesTestExecutionListener, org.springframework.test.context.support.DependencyInjectionTestExecutionListener, org.springframework.test.context.support.DirtiesContextTestExecutionListener, org.springframework.test.context.transaction.TransactionalTestExecutionListener, org.springframework.test.context.jdbc.SqlScriptsTestExecutionListener, org.springframework.test.context.event.EventPublishingTestExecutionListener]
2020-01-16 11:14:30.576 - INFO  [main] springframework.boot.test.context.SpringBootTestContextBootstrapper : Using TestExecutionListeners: [org.springframework.test.context.web.ServletTestExecutionListener@40021799, org.springframework.test.context.support.DirtiesContextBeforeModesTestExecutionListener@4a1c0752, org.springframework.boot.test.mock.mockito.MockitoTestExecutionListener@332f25c8, org.springframework.boot.test.autoconfigure.SpringBootDependencyInjectionTestExecutionListener@1b32cd16, org.springframework.test.context.support.DirtiesContextTestExecutionListener@4bdcaf36, org.springframework.test.context.transaction.TransactionalTestExecutionListener@61d01788, org.springframework.test.context.jdbc.SqlScriptsTestExecutionListener@2b9b7f1f, org.springframework.test.context.event.EventPublishingTestExecutionListener@264c5d07, org.springframework.boot.test.mock.mockito.ResetMocksTestExecutionListener@847f3e7, org.springframework.boot.test.autoconfigure.restdocs.RestDocsTestExecutionListener@69cac930, org.springframework.boot.test.autoconfigure.web.client.MockRestServiceServerResetTestExecutionListener@19593091, org.springframework.boot.test.autoconfigure.web.servlet.MockMvcPrintOnlyOnFailureTestExecutionListener@5d39f2d8, org.springframework.boot.test.autoconfigure.web.servlet.WebDriverTestExecutionListener@6ad6fa53]
2020-01-16 11:14:31.024 - INFO  [main] com.warsbull.blog.controller.InitTest : Starting InitTest on DESKTOP-H8N7A1J with PID 13932 (started by T6094 in E:\Projects\blog\src\main\java)
2020-01-16 11:14:31.028 - INFO  [main] com.warsbull.blog.controller.InitTest : No active profile set, falling back to default profiles: default
2020-01-16 11:14:31.894 - INFO  [main] springframework.data.repository.config.RepositoryConfigurationDelegate : Multiple Spring Data modules found, entering strict repository configuration mode!
2020-01-16 11:14:31.897 - INFO  [main] springframework.data.repository.config.RepositoryConfigurationDelegate : Bootstrapping Spring Data JPA repositories in DEFAULT mode.
2020-01-16 11:14:32.177 - INFO  [main] springframework.data.repository.config.RepositoryConfigurationDelegate : Finished Spring Data repository scanning in 271ms. Found 1 JPA repository interfaces.
2020-01-16 11:14:32.194 - INFO  [main] springframework.data.repository.config.RepositoryConfigurationDelegate : Multiple Spring Data modules found, entering strict repository configuration mode!
2020-01-16 11:14:32.195 - INFO  [main] springframework.data.repository.config.RepositoryConfigurationDelegate : Bootstrapping Spring Data Redis repositories in DEFAULT mode.
2020-01-16 11:14:32.215 - INFO  [main] springframework.data.repository.config.RepositoryConfigurationExtensionSupport : Spring Data Redis - Could not safely identify store assignment for repository candidate interface com.warsbull.system.sys.dao.UserDao. If you want this repository to be a Redis repository, consider annotating your entities with one of these annotations: org.springframework.data.redis.core.RedisHash (preferred), or consider extending one of the following types with your repository: org.springframework.data.keyvalue.repository.KeyValueRepository.
2020-01-16 11:14:32.215 - INFO  [main] springframework.data.repository.config.RepositoryConfigurationDelegate : Finished Spring Data repository scanning in 10ms. Found 0 Redis repository interfaces.
2020-01-16 11:14:32.758 - INFO  [main] org.springframework.context.support.PostProcessorRegistrationDelegate$BeanPostProcessorChecker : Bean 'shiroProperties' of type [com.warsbull.system.common.security.ShiroProperties] is not eligible for getting processed by all BeanPostProcessors (for example: not eligible for auto-proxying)
2020-01-16 11:14:32.759 - INFO  [main] org.springframework.context.support.PostProcessorRegistrationDelegate$BeanPostProcessorChecker : Bean 'shiroConfig' of type [com.warsbull.system.common.config.ShiroConfig$$EnhancerBySpringCGLIB$$c686c3b0] is not eligible for getting processed by all BeanPostProcessors (for example: not eligible for auto-proxying)
2020-01-16 11:14:32.785 - INFO  [main] org.springframework.context.support.PostProcessorRegistrationDelegate$BeanPostProcessorChecker : Bean 'ehCacheManager' of type [org.apache.shiro.cache.ehcache.EhCacheManager] is not eligible for getting processed by all BeanPostProcessors (for example: not eligible for auto-proxying)
2020-01-16 11:14:33.304 - INFO  [main] org.springframework.context.support.PostProcessorRegistrationDelegate$BeanPostProcessorChecker : Bean 'sysShiroRealm' of type [com.warsbull.system.common.security.SystemAuthorizingRealm] is not eligible for getting processed by all BeanPostProcessors (for example: not eligible for auto-proxying)
2020-01-16 11:14:33.471 - INFO  [main] apache.shiro.cache.ehcache.EhCacheManager : Cache with name 'com.warsbull.system.common.security.SystemAuthorizingRealm.authorizationCache' does not yet exist.  Creating now.
2020-01-16 11:14:33.473 - INFO  [main] apache.shiro.cache.ehcache.EhCacheManager : Added EhCache named [com.warsbull.system.common.security.SystemAuthorizingRealm.authorizationCache]
2020-01-16 11:14:33.488 - INFO  [main] org.springframework.context.support.PostProcessorRegistrationDelegate$BeanPostProcessorChecker : Bean 'securityManager' of type [org.apache.shiro.web.mgt.DefaultWebSecurityManager] is not eligible for getting processed by all BeanPostProcessors (for example: not eligible for auto-proxying)
2020-01-16 11:14:33.556 - INFO  [main] org.springframework.context.support.PostProcessorRegistrationDelegate$BeanPostProcessorChecker : Bean 'authorizationAttributeSourceAdvisor' of type [org.apache.shiro.spring.security.interceptor.AuthorizationAttributeSourceAdvisor] is not eligible for getting processed by all BeanPostProcessors (for example: not eligible for auto-proxying)
2020-01-16 11:14:33.584 - INFO  [main] org.springframework.context.support.PostProcessorRegistrationDelegate$BeanPostProcessorChecker : Bean 'org.springframework.transaction.annotation.ProxyTransactionManagementConfiguration' of type [org.springframework.transaction.annotation.ProxyTransactionManagementConfiguration] is not eligible for getting processed by all BeanPostProcessors (for example: not eligible for auto-proxying)
2020-01-16 11:14:33.667 - INFO  [main] org.springframework.context.support.PostProcessorRegistrationDelegate$BeanPostProcessorChecker : Bean 'spring.redis-org.springframework.boot.autoconfigure.data.redis.RedisProperties' of type [org.springframework.boot.autoconfigure.data.redis.RedisProperties] is not eligible for getting processed by all BeanPostProcessors (for example: not eligible for auto-proxying)
2020-01-16 11:14:33.675 - INFO  [main] org.springframework.context.support.PostProcessorRegistrationDelegate$BeanPostProcessorChecker : Bean 'org.springframework.boot.autoconfigure.data.redis.LettuceConnectionConfiguration' of type [org.springframework.boot.autoconfigure.data.redis.LettuceConnectionConfiguration] is not eligible for getting processed by all BeanPostProcessors (for example: not eligible for auto-proxying)
2020-01-16 11:14:33.818 - INFO  [main] org.springframework.context.support.PostProcessorRegistrationDelegate$BeanPostProcessorChecker : Bean 'lettuceClientResources' of type [io.lettuce.core.resource.DefaultClientResources] is not eligible for getting processed by all BeanPostProcessors (for example: not eligible for auto-proxying)
2020-01-16 11:14:33.966 - INFO  [main] org.springframework.context.support.PostProcessorRegistrationDelegate$BeanPostProcessorChecker : Bean 'redisConnectionFactory' of type [org.springframework.data.redis.connection.lettuce.LettuceConnectionFactory] is not eligible for getting processed by all BeanPostProcessors (for example: not eligible for auto-proxying)
2020-01-16 11:14:33.974 - INFO  [main] org.springframework.context.support.PostProcessorRegistrationDelegate$BeanPostProcessorChecker : Bean 'redisConfig' of type [com.warsbull.system.common.config.RedisConfig$$EnhancerBySpringCGLIB$$11554afa] is not eligible for getting processed by all BeanPostProcessors (for example: not eligible for auto-proxying)
2020-01-16 11:14:34.605 - INFO  [main] hibernate.jpa.internal.util.LogHelper : HHH000204: Processing PersistenceUnitInfo [name: default]
2020-01-16 11:14:34.716 - INFO  [main] org.hibernate.Version : HHH000412: Hibernate Core {5.4.7.Final}
2020-01-16 11:14:34.927 - INFO  [main] org.hibernate.annotations.common.Version : HCANN000001: Hibernate Commons Annotations {5.1.0.Final}
2020-01-16 11:14:35.193 - INFO  [main] com.alibaba.druid.pool.DruidDataSource : {dataSource-1} inited
2020-01-16 11:14:35.385 - INFO  [main] org.hibernate.dialect.Dialect : HHH000400: Using dialect: org.hibernate.dialect.MySQL8Dialect
2020-01-16 11:14:35.721 - WARN  [main] org.hibernate.id.UUIDHexGenerator : HHH000409: Using org.hibernate.id.UUIDHexGenerator which does not generate IETF RFC 4122 compliant UUID values; consider using org.hibernate.id.UUIDGenerator instead
2020-01-16 11:14:36.652 - INFO  [main] transaction.jta.platform.internal.JtaPlatformInitiator : HHH000490: Using JtaPlatform implementation: [org.hibernate.engine.transaction.jta.platform.internal.NoJtaPlatform]
2020-01-16 11:14:36.663 - INFO  [main] org.springframework.orm.jpa.LocalContainerEntityManagerFactoryBean : Initialized JPA EntityManagerFactory for persistence unit 'default'
2020-01-16 11:14:38.148 - INFO  [main] org.springframework.scheduling.concurrent.ThreadPoolTaskExecutor : Initializing ExecutorService 'applicationTaskExecutor'
2020-01-16 11:14:38.782 - INFO  [main] com.warsbull.blog.controller.InitTest : Started InitTest in 8.148 seconds (JVM running for 10.718)
2020-01-16 11:14:38.884 - INFO  [main] boot.test.mock.web.SpringBootMockServletContext : Initializing Spring TestDispatcherServlet ''
2020-01-16 11:14:38.884 - INFO  [main] springframework.test.web.servlet.TestDispatcherServlet : Initializing Servlet ''
2020-01-16 11:14:38.904 - INFO  [main] springframework.test.web.servlet.TestDispatcherServlet : Completed initialization in 20 ms
2020-01-16 11:14:38.932 - INFO  [main] apache.shiro.cache.ehcache.EhCacheManager : Using existing EHCache named [userCache]
2020-01-16 11:14:38.932 - INFO  [main] apache.shiro.cache.ehcache.EhCacheManager : Using existing EHCache named [userCache]
2020-01-16 11:14:39.074 - INFO  [main] apache.shiro.cache.ehcache.EhCacheManager : Using existing EHCache named [userCache]
2020-01-16 11:14:39.108 - INFO  [main] apache.shiro.cache.ehcache.EhCacheManager : Using existing EHCache named [userCache]
2020-01-16 11:14:39.109 - INFO  [main] apache.shiro.cache.ehcache.EhCacheManager : Using existing EHCache named [userCache]
2020-01-16 11:14:39.159 - INFO  [main] apache.shiro.cache.ehcache.EhCacheManager : Using existing EHCache named [userCache]
2020-01-16 11:14:39.216 - INFO  [SpringContextShutdownHook] org.springframework.scheduling.concurrent.ThreadPoolTaskExecutor : Shutting down ExecutorService 'applicationTaskExecutor'
2020-01-16 11:14:39.217 - INFO  [SpringContextShutdownHook] org.springframework.orm.jpa.LocalContainerEntityManagerFactoryBean : Closing JPA EntityManagerFactory for persistence unit 'default'
2020-01-16 11:14:39.227 - INFO  [SpringContextShutdownHook] com.alibaba.druid.pool.DruidDataSource : {dataSource-1} closed
2020-01-16 11:16:50.655 - INFO  [main] springframework.boot.test.context.SpringBootTestContextBootstrapper : Neither @ContextConfiguration nor @ContextHierarchy found for test class [com.warsbull.blog.controller.InitTest], using SpringBootContextLoader
2020-01-16 11:16:50.665 - INFO  [main] springframework.test.context.support.AbstractContextLoader : Could not detect default resource locations for test class [com.warsbull.blog.controller.InitTest]: no resource found for suffixes {-context.xml, Context.groovy}.
2020-01-16 11:16:50.665 - INFO  [main] springframework.test.context.support.AnnotationConfigContextLoaderUtils : Could not detect default configuration classes for test class [com.warsbull.blog.controller.InitTest]: InitTest does not declare any static, non-private, non-final, nested classes annotated with @Configuration.
2020-01-16 11:16:50.787 - INFO  [main] springframework.boot.test.context.SpringBootTestContextBootstrapper : Found @SpringBootConfiguration com.warsbull.BlogApplication for test class com.warsbull.blog.controller.InitTest
2020-01-16 11:16:50.901 - INFO  [main] springframework.boot.test.context.SpringBootTestContextBootstrapper : Loaded default TestExecutionListener class names from location [META-INF/spring.factories]: [org.springframework.boot.test.mock.mockito.MockitoTestExecutionListener, org.springframework.boot.test.mock.mockito.ResetMocksTestExecutionListener, org.springframework.boot.test.autoconfigure.restdocs.RestDocsTestExecutionListener, org.springframework.boot.test.autoconfigure.web.client.MockRestServiceServerResetTestExecutionListener, org.springframework.boot.test.autoconfigure.web.servlet.MockMvcPrintOnlyOnFailureTestExecutionListener, org.springframework.boot.test.autoconfigure.web.servlet.WebDriverTestExecutionListener, org.springframework.test.context.web.ServletTestExecutionListener, org.springframework.test.context.support.DirtiesContextBeforeModesTestExecutionListener, org.springframework.test.context.support.DependencyInjectionTestExecutionListener, org.springframework.test.context.support.DirtiesContextTestExecutionListener, org.springframework.test.context.transaction.TransactionalTestExecutionListener, org.springframework.test.context.jdbc.SqlScriptsTestExecutionListener, org.springframework.test.context.event.EventPublishingTestExecutionListener]
2020-01-16 11:16:50.934 - INFO  [main] springframework.boot.test.context.SpringBootTestContextBootstrapper : Using TestExecutionListeners: [org.springframework.test.context.web.ServletTestExecutionListener@72805168, org.springframework.test.context.support.DirtiesContextBeforeModesTestExecutionListener@34b9fc7d, org.springframework.boot.test.mock.mockito.MockitoTestExecutionListener@27f1bbe0, org.springframework.boot.test.autoconfigure.SpringBootDependencyInjectionTestExecutionListener@cda0432, org.springframework.test.context.support.DirtiesContextTestExecutionListener@7c211fd0, org.springframework.test.context.transaction.TransactionalTestExecutionListener@7004e3d, org.springframework.test.context.jdbc.SqlScriptsTestExecutionListener@2d84cb86, org.springframework.test.context.event.EventPublishingTestExecutionListener@71a3a190, org.springframework.boot.test.mock.mockito.ResetMocksTestExecutionListener@588ffeb, org.springframework.boot.test.autoconfigure.restdocs.RestDocsTestExecutionListener@7c28c1, org.springframework.boot.test.autoconfigure.web.client.MockRestServiceServerResetTestExecutionListener@baf1bb3, org.springframework.boot.test.autoconfigure.web.servlet.MockMvcPrintOnlyOnFailureTestExecutionListener@67ec8477, org.springframework.boot.test.autoconfigure.web.servlet.WebDriverTestExecutionListener@25d958c6]
2020-01-16 11:16:51.475 - INFO  [main] com.warsbull.blog.controller.InitTest : Starting InitTest on DESKTOP-H8N7A1J with PID 8712 (started by T6094 in E:\Projects\blog\src\main\java)
2020-01-16 11:16:51.480 - INFO  [main] com.warsbull.blog.controller.InitTest : No active profile set, falling back to default profiles: default
2020-01-16 11:16:52.665 - INFO  [main] springframework.data.repository.config.RepositoryConfigurationDelegate : Multiple Spring Data modules found, entering strict repository configuration mode!
2020-01-16 11:16:52.669 - INFO  [main] springframework.data.repository.config.RepositoryConfigurationDelegate : Bootstrapping Spring Data JPA repositories in DEFAULT mode.
2020-01-16 11:16:52.844 - INFO  [main] springframework.data.repository.config.RepositoryConfigurationDelegate : Finished Spring Data repository scanning in 166ms. Found 1 JPA repository interfaces.
2020-01-16 11:16:52.860 - INFO  [main] springframework.data.repository.config.RepositoryConfigurationDelegate : Multiple Spring Data modules found, entering strict repository configuration mode!
2020-01-16 11:16:52.861 - INFO  [main] springframework.data.repository.config.RepositoryConfigurationDelegate : Bootstrapping Spring Data Redis repositories in DEFAULT mode.
2020-01-16 11:16:52.883 - INFO  [main] springframework.data.repository.config.RepositoryConfigurationExtensionSupport : Spring Data Redis - Could not safely identify store assignment for repository candidate interface com.warsbull.system.sys.dao.UserDao. If you want this repository to be a Redis repository, consider annotating your entities with one of these annotations: org.springframework.data.redis.core.RedisHash (preferred), or consider extending one of the following types with your repository: org.springframework.data.keyvalue.repository.KeyValueRepository.
2020-01-16 11:16:52.883 - INFO  [main] springframework.data.repository.config.RepositoryConfigurationDelegate : Finished Spring Data repository scanning in 13ms. Found 0 Redis repository interfaces.
2020-01-16 11:16:53.395 - INFO  [main] org.springframework.context.support.PostProcessorRegistrationDelegate$BeanPostProcessorChecker : Bean 'shiroProperties' of type [com.warsbull.system.common.security.ShiroProperties] is not eligible for getting processed by all BeanPostProcessors (for example: not eligible for auto-proxying)
2020-01-16 11:16:53.396 - INFO  [main] org.springframework.context.support.PostProcessorRegistrationDelegate$BeanPostProcessorChecker : Bean 'shiroConfig' of type [com.warsbull.system.common.config.ShiroConfig$$EnhancerBySpringCGLIB$$dfb881a5] is not eligible for getting processed by all BeanPostProcessors (for example: not eligible for auto-proxying)
2020-01-16 11:16:53.424 - INFO  [main] org.springframework.context.support.PostProcessorRegistrationDelegate$BeanPostProcessorChecker : Bean 'ehCacheManager' of type [org.apache.shiro.cache.ehcache.EhCacheManager] is not eligible for getting processed by all BeanPostProcessors (for example: not eligible for auto-proxying)
2020-01-16 11:16:53.774 - INFO  [main] org.springframework.context.support.PostProcessorRegistrationDelegate$BeanPostProcessorChecker : Bean 'sysShiroRealm' of type [com.warsbull.system.common.security.SystemAuthorizingRealm] is not eligible for getting processed by all BeanPostProcessors (for example: not eligible for auto-proxying)
2020-01-16 11:16:53.910 - INFO  [main] apache.shiro.cache.ehcache.EhCacheManager : Cache with name 'com.warsbull.system.common.security.SystemAuthorizingRealm.authorizationCache' does not yet exist.  Creating now.
2020-01-16 11:16:53.912 - INFO  [main] apache.shiro.cache.ehcache.EhCacheManager : Added EhCache named [com.warsbull.system.common.security.SystemAuthorizingRealm.authorizationCache]
2020-01-16 11:16:53.927 - INFO  [main] org.springframework.context.support.PostProcessorRegistrationDelegate$BeanPostProcessorChecker : Bean 'securityManager' of type [org.apache.shiro.web.mgt.DefaultWebSecurityManager] is not eligible for getting processed by all BeanPostProcessors (for example: not eligible for auto-proxying)
2020-01-16 11:16:53.992 - INFO  [main] org.springframework.context.support.PostProcessorRegistrationDelegate$BeanPostProcessorChecker : Bean 'authorizationAttributeSourceAdvisor' of type [org.apache.shiro.spring.security.interceptor.AuthorizationAttributeSourceAdvisor] is not eligible for getting processed by all BeanPostProcessors (for example: not eligible for auto-proxying)
2020-01-16 11:16:54.007 - INFO  [main] org.springframework.context.support.PostProcessorRegistrationDelegate$BeanPostProcessorChecker : Bean 'org.springframework.transaction.annotation.ProxyTransactionManagementConfiguration' of type [org.springframework.transaction.annotation.ProxyTransactionManagementConfiguration] is not eligible for getting processed by all BeanPostProcessors (for example: not eligible for auto-proxying)
2020-01-16 11:16:54.088 - INFO  [main] org.springframework.context.support.PostProcessorRegistrationDelegate$BeanPostProcessorChecker : Bean 'spring.redis-org.springframework.boot.autoconfigure.data.redis.RedisProperties' of type [org.springframework.boot.autoconfigure.data.redis.RedisProperties] is not eligible for getting processed by all BeanPostProcessors (for example: not eligible for auto-proxying)
2020-01-16 11:16:54.099 - INFO  [main] org.springframework.context.support.PostProcessorRegistrationDelegate$BeanPostProcessorChecker : Bean 'org.springframework.boot.autoconfigure.data.redis.LettuceConnectionConfiguration' of type [org.springframework.boot.autoconfigure.data.redis.LettuceConnectionConfiguration] is not eligible for getting processed by all BeanPostProcessors (for example: not eligible for auto-proxying)
2020-01-16 11:16:54.230 - INFO  [main] org.springframework.context.support.PostProcessorRegistrationDelegate$BeanPostProcessorChecker : Bean 'lettuceClientResources' of type [io.lettuce.core.resource.DefaultClientResources] is not eligible for getting processed by all BeanPostProcessors (for example: not eligible for auto-proxying)
2020-01-16 11:16:54.391 - INFO  [main] org.springframework.context.support.PostProcessorRegistrationDelegate$BeanPostProcessorChecker : Bean 'redisConnectionFactory' of type [org.springframework.data.redis.connection.lettuce.LettuceConnectionFactory] is not eligible for getting processed by all BeanPostProcessors (for example: not eligible for auto-proxying)
2020-01-16 11:16:54.397 - INFO  [main] org.springframework.context.support.PostProcessorRegistrationDelegate$BeanPostProcessorChecker : Bean 'redisConfig' of type [com.warsbull.system.common.config.RedisConfig$$EnhancerBySpringCGLIB$$2a8708ef] is not eligible for getting processed by all BeanPostProcessors (for example: not eligible for auto-proxying)
2020-01-16 11:16:54.898 - INFO  [main] hibernate.jpa.internal.util.LogHelper : HHH000204: Processing PersistenceUnitInfo [name: default]
2020-01-16 11:16:55.009 - INFO  [main] org.hibernate.Version : HHH000412: Hibernate Core {5.4.7.Final}
2020-01-16 11:16:55.254 - INFO  [main] org.hibernate.annotations.common.Version : HCANN000001: Hibernate Commons Annotations {5.1.0.Final}
2020-01-16 11:16:55.526 - INFO  [main] com.alibaba.druid.pool.DruidDataSource : {dataSource-1} inited
2020-01-16 11:16:55.706 - INFO  [main] org.hibernate.dialect.Dialect : HHH000400: Using dialect: org.hibernate.dialect.MySQL8Dialect
2020-01-16 11:16:56.046 - WARN  [main] org.hibernate.id.UUIDHexGenerator : HHH000409: Using org.hibernate.id.UUIDHexGenerator which does not generate IETF RFC 4122 compliant UUID values; consider using org.hibernate.id.UUIDGenerator instead
2020-01-16 11:16:57.066 - INFO  [main] transaction.jta.platform.internal.JtaPlatformInitiator : HHH000490: Using JtaPlatform implementation: [org.hibernate.engine.transaction.jta.platform.internal.NoJtaPlatform]
2020-01-16 11:16:57.077 - INFO  [main] org.springframework.orm.jpa.LocalContainerEntityManagerFactoryBean : Initialized JPA EntityManagerFactory for persistence unit 'default'
2020-01-16 11:16:58.700 - INFO  [main] org.springframework.scheduling.concurrent.ThreadPoolTaskExecutor : Initializing ExecutorService 'applicationTaskExecutor'
2020-01-16 11:16:59.368 - INFO  [main] com.warsbull.blog.controller.InitTest : Started InitTest in 8.343 seconds (JVM running for 10.776)
2020-01-16 11:16:59.463 - INFO  [main] boot.test.mock.web.SpringBootMockServletContext : Initializing Spring TestDispatcherServlet ''
2020-01-16 11:16:59.463 - INFO  [main] springframework.test.web.servlet.TestDispatcherServlet : Initializing Servlet ''
2020-01-16 11:16:59.482 - INFO  [main] springframework.test.web.servlet.TestDispatcherServlet : Completed initialization in 19 ms
2020-01-16 11:16:59.508 - INFO  [main] apache.shiro.cache.ehcache.EhCacheManager : Using existing EHCache named [userCache]
2020-01-16 11:16:59.508 - INFO  [main] apache.shiro.cache.ehcache.EhCacheManager : Using existing EHCache named [userCache]
2020-01-16 11:16:59.636 - INFO  [main] apache.shiro.cache.ehcache.EhCacheManager : Using existing EHCache named [userCache]
2020-01-16 11:16:59.680 - INFO  [main] apache.shiro.cache.ehcache.EhCacheManager : Using existing EHCache named [userCache]
2020-01-16 11:16:59.680 - INFO  [main] apache.shiro.cache.ehcache.EhCacheManager : Using existing EHCache named [userCache]
2020-01-16 11:16:59.721 - INFO  [main] apache.shiro.cache.ehcache.EhCacheManager : Using existing EHCache named [userCache]
2020-01-16 11:16:59.721 - INFO  [main] apache.shiro.cache.ehcache.EhCacheManager : Using existing EHCache named [userCache]
2020-01-16 11:16:59.721 - INFO  [main] apache.shiro.cache.ehcache.EhCacheManager : Using existing EHCache named [userCache]
2020-01-16 11:16:59.778 - INFO  [SpringContextShutdownHook] org.springframework.scheduling.concurrent.ThreadPoolTaskExecutor : Shutting down ExecutorService 'applicationTaskExecutor'
2020-01-16 11:16:59.779 - INFO  [SpringContextShutdownHook] org.springframework.orm.jpa.LocalContainerEntityManagerFactoryBean : Closing JPA EntityManagerFactory for persistence unit 'default'
2020-01-16 11:16:59.789 - INFO  [SpringContextShutdownHook] com.alibaba.druid.pool.DruidDataSource : {dataSource-1} closed
2020-01-16 11:17:20.304 - INFO  [main] springframework.boot.test.context.SpringBootTestContextBootstrapper : Neither @ContextConfiguration nor @ContextHierarchy found for test class [com.warsbull.blog.controller.InitTest], using SpringBootContextLoader
2020-01-16 11:17:20.314 - INFO  [main] springframework.test.context.support.AbstractContextLoader : Could not detect default resource locations for test class [com.warsbull.blog.controller.InitTest]: no resource found for suffixes {-context.xml, Context.groovy}.
2020-01-16 11:17:20.315 - INFO  [main] springframework.test.context.support.AnnotationConfigContextLoaderUtils : Could not detect default configuration classes for test class [com.warsbull.blog.controller.InitTest]: InitTest does not declare any static, non-private, non-final, nested classes annotated with @Configuration.
2020-01-16 11:17:20.424 - INFO  [main] springframework.boot.test.context.SpringBootTestContextBootstrapper : Found @SpringBootConfiguration com.warsbull.BlogApplication for test class com.warsbull.blog.controller.InitTest
2020-01-16 11:17:20.525 - INFO  [main] springframework.boot.test.context.SpringBootTestContextBootstrapper : Loaded default TestExecutionListener class names from location [META-INF/spring.factories]: [org.springframework.boot.test.mock.mockito.MockitoTestExecutionListener, org.springframework.boot.test.mock.mockito.ResetMocksTestExecutionListener, org.springframework.boot.test.autoconfigure.restdocs.RestDocsTestExecutionListener, org.springframework.boot.test.autoconfigure.web.client.MockRestServiceServerResetTestExecutionListener, org.springframework.boot.test.autoconfigure.web.servlet.MockMvcPrintOnlyOnFailureTestExecutionListener, org.springframework.boot.test.autoconfigure.web.servlet.WebDriverTestExecutionListener, org.springframework.test.context.web.ServletTestExecutionListener, org.springframework.test.context.support.DirtiesContextBeforeModesTestExecutionListener, org.springframework.test.context.support.DependencyInjectionTestExecutionListener, org.springframework.test.context.support.DirtiesContextTestExecutionListener, org.springframework.test.context.transaction.TransactionalTestExecutionListener, org.springframework.test.context.jdbc.SqlScriptsTestExecutionListener, org.springframework.test.context.event.EventPublishingTestExecutionListener]
2020-01-16 11:17:20.556 - INFO  [main] springframework.boot.test.context.SpringBootTestContextBootstrapper : Using TestExecutionListeners: [org.springframework.test.context.web.ServletTestExecutionListener@72805168, org.springframework.test.context.support.DirtiesContextBeforeModesTestExecutionListener@34b9fc7d, org.springframework.boot.test.mock.mockito.MockitoTestExecutionListener@27f1bbe0, org.springframework.boot.test.autoconfigure.SpringBootDependencyInjectionTestExecutionListener@cda0432, org.springframework.test.context.support.DirtiesContextTestExecutionListener@7c211fd0, org.springframework.test.context.transaction.TransactionalTestExecutionListener@7004e3d, org.springframework.test.context.jdbc.SqlScriptsTestExecutionListener@2d84cb86, org.springframework.test.context.event.EventPublishingTestExecutionListener@71a3a190, org.springframework.boot.test.mock.mockito.ResetMocksTestExecutionListener@588ffeb, org.springframework.boot.test.autoconfigure.restdocs.RestDocsTestExecutionListener@7c28c1, org.springframework.boot.test.autoconfigure.web.client.MockRestServiceServerResetTestExecutionListener@baf1bb3, org.springframework.boot.test.autoconfigure.web.servlet.MockMvcPrintOnlyOnFailureTestExecutionListener@67ec8477, org.springframework.boot.test.autoconfigure.web.servlet.WebDriverTestExecutionListener@25d958c6]
2020-01-16 11:17:21.056 - INFO  [main] com.warsbull.blog.controller.InitTest : Starting InitTest on DESKTOP-H8N7A1J with PID 8760 (started by T6094 in E:\Projects\blog\src\main\java)
2020-01-16 11:17:21.061 - INFO  [main] com.warsbull.blog.controller.InitTest : No active profile set, falling back to default profiles: default
2020-01-16 11:17:21.928 - INFO  [main] springframework.data.repository.config.RepositoryConfigurationDelegate : Multiple Spring Data modules found, entering strict repository configuration mode!
2020-01-16 11:17:21.932 - INFO  [main] springframework.data.repository.config.RepositoryConfigurationDelegate : Bootstrapping Spring Data JPA repositories in DEFAULT mode.
2020-01-16 11:17:22.141 - INFO  [main] springframework.data.repository.config.RepositoryConfigurationDelegate : Finished Spring Data repository scanning in 198ms. Found 1 JPA repository interfaces.
2020-01-16 11:17:22.159 - INFO  [main] springframework.data.repository.config.RepositoryConfigurationDelegate : Multiple Spring Data modules found, entering strict repository configuration mode!
2020-01-16 11:17:22.160 - INFO  [main] springframework.data.repository.config.RepositoryConfigurationDelegate : Bootstrapping Spring Data Redis repositories in DEFAULT mode.
2020-01-16 11:17:22.181 - INFO  [main] springframework.data.repository.config.RepositoryConfigurationExtensionSupport : Spring Data Redis - Could not safely identify store assignment for repository candidate interface com.warsbull.system.sys.dao.UserDao. If you want this repository to be a Redis repository, consider annotating your entities with one of these annotations: org.springframework.data.redis.core.RedisHash (preferred), or consider extending one of the following types with your repository: org.springframework.data.keyvalue.repository.KeyValueRepository.
2020-01-16 11:17:22.181 - INFO  [main] springframework.data.repository.config.RepositoryConfigurationDelegate : Finished Spring Data repository scanning in 11ms. Found 0 Redis repository interfaces.
2020-01-16 11:17:22.677 - INFO  [main] org.springframework.context.support.PostProcessorRegistrationDelegate$BeanPostProcessorChecker : Bean 'shiroProperties' of type [com.warsbull.system.common.security.ShiroProperties] is not eligible for getting processed by all BeanPostProcessors (for example: not eligible for auto-proxying)
2020-01-16 11:17:22.678 - INFO  [main] org.springframework.context.support.PostProcessorRegistrationDelegate$BeanPostProcessorChecker : Bean 'shiroConfig' of type [com.warsbull.system.common.config.ShiroConfig$$EnhancerBySpringCGLIB$$7ace65b4] is not eligible for getting processed by all BeanPostProcessors (for example: not eligible for auto-proxying)
2020-01-16 11:17:22.710 - INFO  [main] org.springframework.context.support.PostProcessorRegistrationDelegate$BeanPostProcessorChecker : Bean 'ehCacheManager' of type [org.apache.shiro.cache.ehcache.EhCacheManager] is not eligible for getting processed by all BeanPostProcessors (for example: not eligible for auto-proxying)
2020-01-16 11:17:23.118 - INFO  [main] org.springframework.context.support.PostProcessorRegistrationDelegate$BeanPostProcessorChecker : Bean 'sysShiroRealm' of type [com.warsbull.system.common.security.SystemAuthorizingRealm] is not eligible for getting processed by all BeanPostProcessors (for example: not eligible for auto-proxying)
2020-01-16 11:17:23.322 - INFO  [main] apache.shiro.cache.ehcache.EhCacheManager : Cache with name 'com.warsbull.system.common.security.SystemAuthorizingRealm.authorizationCache' does not yet exist.  Creating now.
2020-01-16 11:17:23.324 - INFO  [main] apache.shiro.cache.ehcache.EhCacheManager : Added EhCache named [com.warsbull.system.common.security.SystemAuthorizingRealm.authorizationCache]
2020-01-16 11:17:23.358 - INFO  [main] org.springframework.context.support.PostProcessorRegistrationDelegate$BeanPostProcessorChecker : Bean 'securityManager' of type [org.apache.shiro.web.mgt.DefaultWebSecurityManager] is not eligible for getting processed by all BeanPostProcessors (for example: not eligible for auto-proxying)
2020-01-16 11:17:23.428 - INFO  [main] org.springframework.context.support.PostProcessorRegistrationDelegate$BeanPostProcessorChecker : Bean 'authorizationAttributeSourceAdvisor' of type [org.apache.shiro.spring.security.interceptor.AuthorizationAttributeSourceAdvisor] is not eligible for getting processed by all BeanPostProcessors (for example: not eligible for auto-proxying)
2020-01-16 11:17:23.442 - INFO  [main] org.springframework.context.support.PostProcessorRegistrationDelegate$BeanPostProcessorChecker : Bean 'org.springframework.transaction.annotation.ProxyTransactionManagementConfiguration' of type [org.springframework.transaction.annotation.ProxyTransactionManagementConfiguration] is not eligible for getting processed by all BeanPostProcessors (for example: not eligible for auto-proxying)
2020-01-16 11:17:23.523 - INFO  [main] org.springframework.context.support.PostProcessorRegistrationDelegate$BeanPostProcessorChecker : Bean 'spring.redis-org.springframework.boot.autoconfigure.data.redis.RedisProperties' of type [org.springframework.boot.autoconfigure.data.redis.RedisProperties] is not eligible for getting processed by all BeanPostProcessors (for example: not eligible for auto-proxying)
2020-01-16 11:17:23.536 - INFO  [main] org.springframework.context.support.PostProcessorRegistrationDelegate$BeanPostProcessorChecker : Bean 'org.springframework.boot.autoconfigure.data.redis.LettuceConnectionConfiguration' of type [org.springframework.boot.autoconfigure.data.redis.LettuceConnectionConfiguration] is not eligible for getting processed by all BeanPostProcessors (for example: not eligible for auto-proxying)
2020-01-16 11:17:23.722 - INFO  [main] org.springframework.context.support.PostProcessorRegistrationDelegate$BeanPostProcessorChecker : Bean 'lettuceClientResources' of type [io.lettuce.core.resource.DefaultClientResources] is not eligible for getting processed by all BeanPostProcessors (for example: not eligible for auto-proxying)
2020-01-16 11:17:23.956 - INFO  [main] org.springframework.context.support.PostProcessorRegistrationDelegate$BeanPostProcessorChecker : Bean 'redisConnectionFactory' of type [org.springframework.data.redis.connection.lettuce.LettuceConnectionFactory] is not eligible for getting processed by all BeanPostProcessors (for example: not eligible for auto-proxying)
2020-01-16 11:17:23.965 - INFO  [main] org.springframework.context.support.PostProcessorRegistrationDelegate$BeanPostProcessorChecker : Bean 'redisConfig' of type [com.warsbull.system.common.config.RedisConfig$$EnhancerBySpringCGLIB$$c59cecfe] is not eligible for getting processed by all BeanPostProcessors (for example: not eligible for auto-proxying)
2020-01-16 11:17:24.635 - INFO  [main] hibernate.jpa.internal.util.LogHelper : HHH000204: Processing PersistenceUnitInfo [name: default]
2020-01-16 11:17:24.755 - INFO  [main] org.hibernate.Version : HHH000412: Hibernate Core {5.4.7.Final}
2020-01-16 11:17:24.984 - INFO  [main] org.hibernate.annotations.common.Version : HCANN000001: Hibernate Commons Annotations {5.1.0.Final}
2020-01-16 11:17:25.228 - INFO  [main] com.alibaba.druid.pool.DruidDataSource : {dataSource-1} inited
2020-01-16 11:17:25.397 - INFO  [main] org.hibernate.dialect.Dialect : HHH000400: Using dialect: org.hibernate.dialect.MySQL8Dialect
2020-01-16 11:17:25.731 - WARN  [main] org.hibernate.id.UUIDHexGenerator : HHH000409: Using org.hibernate.id.UUIDHexGenerator which does not generate IETF RFC 4122 compliant UUID values; consider using org.hibernate.id.UUIDGenerator instead
2020-01-16 11:17:26.718 - INFO  [main] transaction.jta.platform.internal.JtaPlatformInitiator : HHH000490: Using JtaPlatform implementation: [org.hibernate.engine.transaction.jta.platform.internal.NoJtaPlatform]
2020-01-16 11:17:26.729 - INFO  [main] org.springframework.orm.jpa.LocalContainerEntityManagerFactoryBean : Initialized JPA EntityManagerFactory for persistence unit 'default'
2020-01-16 11:17:28.433 - INFO  [main] org.springframework.scheduling.concurrent.ThreadPoolTaskExecutor : Initializing ExecutorService 'applicationTaskExecutor'
2020-01-16 11:17:29.258 - INFO  [main] com.warsbull.blog.controller.InitTest : Started InitTest in 8.64 seconds (JVM running for 10.891)
2020-01-16 11:17:29.386 - INFO  [main] boot.test.mock.web.SpringBootMockServletContext : Initializing Spring TestDispatcherServlet ''
2020-01-16 11:17:29.386 - INFO  [main] springframework.test.web.servlet.TestDispatcherServlet : Initializing Servlet ''
2020-01-16 11:17:29.422 - INFO  [main] springframework.test.web.servlet.TestDispatcherServlet : Completed initialization in 36 ms
2020-01-16 11:17:29.448 - INFO  [main] apache.shiro.cache.ehcache.EhCacheManager : Using existing EHCache named [userCache]
2020-01-16 11:17:29.449 - INFO  [main] apache.shiro.cache.ehcache.EhCacheManager : Using existing EHCache named [userCache]
2020-01-16 11:17:29.641 - INFO  [main] apache.shiro.cache.ehcache.EhCacheManager : Using existing EHCache named [userCache]
2020-01-16 11:18:55.641 - INFO  [main] apache.shiro.cache.ehcache.EhCacheManager : Using existing EHCache named [userCache]
2020-01-16 11:18:55.641 - INFO  [main] apache.shiro.cache.ehcache.EhCacheManager : Using existing EHCache named [userCache]
2020-01-16 11:18:55.770 - INFO  [main] apache.shiro.cache.ehcache.EhCacheManager : Using existing EHCache named [userCache]
2020-01-16 11:19:00.803 - INFO  [main] apache.shiro.cache.ehcache.EhCacheManager : Using existing EHCache named [userCache]
2020-01-16 11:19:00.803 - INFO  [main] apache.shiro.cache.ehcache.EhCacheManager : Using existing EHCache named [userCache]
2020-01-16 11:19:03.954 - INFO  [SpringContextShutdownHook] org.springframework.scheduling.concurrent.ThreadPoolTaskExecutor : Shutting down ExecutorService 'applicationTaskExecutor'
2020-01-16 11:19:03.955 - INFO  [SpringContextShutdownHook] org.springframework.orm.jpa.LocalContainerEntityManagerFactoryBean : Closing JPA EntityManagerFactory for persistence unit 'default'
2020-01-16 11:19:03.971 - INFO  [SpringContextShutdownHook] com.alibaba.druid.pool.DruidDataSource : {dataSource-1} closed
2020-01-16 11:22:04.851 - INFO  [main] springframework.boot.test.context.SpringBootTestContextBootstrapper : Neither @ContextConfiguration nor @ContextHierarchy found for test class [com.warsbull.blog.controller.InitTest], using SpringBootContextLoader
2020-01-16 11:22:04.861 - INFO  [main] springframework.test.context.support.AbstractContextLoader : Could not detect default resource locations for test class [com.warsbull.blog.controller.InitTest]: no resource found for suffixes {-context.xml, Context.groovy}.
2020-01-16 11:22:04.862 - INFO  [main] springframework.test.context.support.AnnotationConfigContextLoaderUtils : Could not detect default configuration classes for test class [com.warsbull.blog.controller.InitTest]: InitTest does not declare any static, non-private, non-final, nested classes annotated with @Configuration.
2020-01-16 11:22:04.973 - INFO  [main] springframework.boot.test.context.SpringBootTestContextBootstrapper : Found @SpringBootConfiguration com.warsbull.BlogApplication for test class com.warsbull.blog.controller.InitTest
2020-01-16 11:22:05.079 - INFO  [main] springframework.boot.test.context.SpringBootTestContextBootstrapper : Loaded default TestExecutionListener class names from location [META-INF/spring.factories]: [org.springframework.boot.test.mock.mockito.MockitoTestExecutionListener, org.springframework.boot.test.mock.mockito.ResetMocksTestExecutionListener, org.springframework.boot.test.autoconfigure.restdocs.RestDocsTestExecutionListener, org.springframework.boot.test.autoconfigure.web.client.MockRestServiceServerResetTestExecutionListener, org.springframework.boot.test.autoconfigure.web.servlet.MockMvcPrintOnlyOnFailureTestExecutionListener, org.springframework.boot.test.autoconfigure.web.servlet.WebDriverTestExecutionListener, org.springframework.test.context.web.ServletTestExecutionListener, org.springframework.test.context.support.DirtiesContextBeforeModesTestExecutionListener, org.springframework.test.context.support.DependencyInjectionTestExecutionListener, org.springframework.test.context.support.DirtiesContextTestExecutionListener, org.springframework.test.context.transaction.TransactionalTestExecutionListener, org.springframework.test.context.jdbc.SqlScriptsTestExecutionListener, org.springframework.test.context.event.EventPublishingTestExecutionListener]
2020-01-16 11:22:05.107 - INFO  [main] springframework.boot.test.context.SpringBootTestContextBootstrapper : Using TestExecutionListeners: [org.springframework.test.context.web.ServletTestExecutionListener@34b9fc7d, org.springframework.test.context.support.DirtiesContextBeforeModesTestExecutionListener@27f1bbe0, org.springframework.boot.test.mock.mockito.MockitoTestExecutionListener@cda0432, org.springframework.boot.test.autoconfigure.SpringBootDependencyInjectionTestExecutionListener@7c211fd0, org.springframework.test.context.support.DirtiesContextTestExecutionListener@7004e3d, org.springframework.test.context.transaction.TransactionalTestExecutionListener@2d84cb86, org.springframework.test.context.jdbc.SqlScriptsTestExecutionListener@71a3a190, org.springframework.test.context.event.EventPublishingTestExecutionListener@588ffeb, org.springframework.boot.test.mock.mockito.ResetMocksTestExecutionListener@7c28c1, org.springframework.boot.test.autoconfigure.restdocs.RestDocsTestExecutionListener@baf1bb3, org.springframework.boot.test.autoconfigure.web.client.MockRestServiceServerResetTestExecutionListener@67ec8477, org.springframework.boot.test.autoconfigure.web.servlet.MockMvcPrintOnlyOnFailureTestExecutionListener@25d958c6, org.springframework.boot.test.autoconfigure.web.servlet.WebDriverTestExecutionListener@4482469c]
2020-01-16 11:22:05.536 - INFO  [main] com.warsbull.blog.controller.InitTest : Starting InitTest on DESKTOP-H8N7A1J with PID 6000 (started by T6094 in E:\Projects\blog\src\main\java)
2020-01-16 11:22:05.542 - INFO  [main] com.warsbull.blog.controller.InitTest : No active profile set, falling back to default profiles: default
2020-01-16 11:22:06.521 - INFO  [main] springframework.data.repository.config.RepositoryConfigurationDelegate : Multiple Spring Data modules found, entering strict repository configuration mode!
2020-01-16 11:22:06.525 - INFO  [main] springframework.data.repository.config.RepositoryConfigurationDelegate : Bootstrapping Spring Data JPA repositories in DEFAULT mode.
2020-01-16 11:22:06.745 - INFO  [main] springframework.data.repository.config.RepositoryConfigurationDelegate : Finished Spring Data repository scanning in 207ms. Found 1 JPA repository interfaces.
2020-01-16 11:22:06.770 - INFO  [main] springframework.data.repository.config.RepositoryConfigurationDelegate : Multiple Spring Data modules found, entering strict repository configuration mode!
2020-01-16 11:22:06.772 - INFO  [main] springframework.data.repository.config.RepositoryConfigurationDelegate : Bootstrapping Spring Data Redis repositories in DEFAULT mode.
2020-01-16 11:22:06.807 - INFO  [main] springframework.data.repository.config.RepositoryConfigurationExtensionSupport : Spring Data Redis - Could not safely identify store assignment for repository candidate interface com.warsbull.system.sys.dao.UserDao. If you want this repository to be a Redis repository, consider annotating your entities with one of these annotations: org.springframework.data.redis.core.RedisHash (preferred), or consider extending one of the following types with your repository: org.springframework.data.keyvalue.repository.KeyValueRepository.
2020-01-16 11:22:06.807 - INFO  [main] springframework.data.repository.config.RepositoryConfigurationDelegate : Finished Spring Data repository scanning in 19ms. Found 0 Redis repository interfaces.
2020-01-16 11:22:07.352 - INFO  [main] org.springframework.context.support.PostProcessorRegistrationDelegate$BeanPostProcessorChecker : Bean 'shiroProperties' of type [com.warsbull.system.common.security.ShiroProperties] is not eligible for getting processed by all BeanPostProcessors (for example: not eligible for auto-proxying)
2020-01-16 11:22:07.354 - INFO  [main] org.springframework.context.support.PostProcessorRegistrationDelegate$BeanPostProcessorChecker : Bean 'shiroConfig' of type [com.warsbull.system.common.config.ShiroConfig$$EnhancerBySpringCGLIB$$79be0c59] is not eligible for getting processed by all BeanPostProcessors (for example: not eligible for auto-proxying)
2020-01-16 11:22:07.393 - INFO  [main] org.springframework.context.support.PostProcessorRegistrationDelegate$BeanPostProcessorChecker : Bean 'ehCacheManager' of type [org.apache.shiro.cache.ehcache.EhCacheManager] is not eligible for getting processed by all BeanPostProcessors (for example: not eligible for auto-proxying)
2020-01-16 11:22:07.779 - INFO  [main] org.springframework.context.support.PostProcessorRegistrationDelegate$BeanPostProcessorChecker : Bean 'sysShiroRealm' of type [com.warsbull.system.common.security.SystemAuthorizingRealm] is not eligible for getting processed by all BeanPostProcessors (for example: not eligible for auto-proxying)
2020-01-16 11:22:07.935 - INFO  [main] apache.shiro.cache.ehcache.EhCacheManager : Cache with name 'com.warsbull.system.common.security.SystemAuthorizingRealm.authorizationCache' does not yet exist.  Creating now.
2020-01-16 11:22:07.937 - INFO  [main] apache.shiro.cache.ehcache.EhCacheManager : Added EhCache named [com.warsbull.system.common.security.SystemAuthorizingRealm.authorizationCache]
2020-01-16 11:22:07.953 - INFO  [main] org.springframework.context.support.PostProcessorRegistrationDelegate$BeanPostProcessorChecker : Bean 'securityManager' of type [org.apache.shiro.web.mgt.DefaultWebSecurityManager] is not eligible for getting processed by all BeanPostProcessors (for example: not eligible for auto-proxying)
2020-01-16 11:22:08.012 - INFO  [main] org.springframework.context.support.PostProcessorRegistrationDelegate$BeanPostProcessorChecker : Bean 'authorizationAttributeSourceAdvisor' of type [org.apache.shiro.spring.security.interceptor.AuthorizationAttributeSourceAdvisor] is not eligible for getting processed by all BeanPostProcessors (for example: not eligible for auto-proxying)
2020-01-16 11:22:08.030 - INFO  [main] org.springframework.context.support.PostProcessorRegistrationDelegate$BeanPostProcessorChecker : Bean 'org.springframework.transaction.annotation.ProxyTransactionManagementConfiguration' of type [org.springframework.transaction.annotation.ProxyTransactionManagementConfiguration] is not eligible for getting processed by all BeanPostProcessors (for example: not eligible for auto-proxying)
2020-01-16 11:22:08.113 - INFO  [main] org.springframework.context.support.PostProcessorRegistrationDelegate$BeanPostProcessorChecker : Bean 'spring.redis-org.springframework.boot.autoconfigure.data.redis.RedisProperties' of type [org.springframework.boot.autoconfigure.data.redis.RedisProperties] is not eligible for getting processed by all BeanPostProcessors (for example: not eligible for auto-proxying)
2020-01-16 11:22:08.122 - INFO  [main] org.springframework.context.support.PostProcessorRegistrationDelegate$BeanPostProcessorChecker : Bean 'org.springframework.boot.autoconfigure.data.redis.LettuceConnectionConfiguration' of type [org.springframework.boot.autoconfigure.data.redis.LettuceConnectionConfiguration] is not eligible for getting processed by all BeanPostProcessors (for example: not eligible for auto-proxying)
2020-01-16 11:22:08.277 - INFO  [main] org.springframework.context.support.PostProcessorRegistrationDelegate$BeanPostProcessorChecker : Bean 'lettuceClientResources' of type [io.lettuce.core.resource.DefaultClientResources] is not eligible for getting processed by all BeanPostProcessors (for example: not eligible for auto-proxying)
2020-01-16 11:22:08.441 - INFO  [main] org.springframework.context.support.PostProcessorRegistrationDelegate$BeanPostProcessorChecker : Bean 'redisConnectionFactory' of type [org.springframework.data.redis.connection.lettuce.LettuceConnectionFactory] is not eligible for getting processed by all BeanPostProcessors (for example: not eligible for auto-proxying)
2020-01-16 11:22:08.449 - INFO  [main] org.springframework.context.support.PostProcessorRegistrationDelegate$BeanPostProcessorChecker : Bean 'redisConfig' of type [com.warsbull.system.common.config.RedisConfig$$EnhancerBySpringCGLIB$$c48c93a3] is not eligible for getting processed by all BeanPostProcessors (for example: not eligible for auto-proxying)
2020-01-16 11:22:08.980 - INFO  [main] hibernate.jpa.internal.util.LogHelper : HHH000204: Processing PersistenceUnitInfo [name: default]
2020-01-16 11:22:09.080 - INFO  [main] org.hibernate.Version : HHH000412: Hibernate Core {5.4.7.Final}
2020-01-16 11:22:09.285 - INFO  [main] org.hibernate.annotations.common.Version : HCANN000001: Hibernate Commons Annotations {5.1.0.Final}
2020-01-16 11:22:09.523 - INFO  [main] com.alibaba.druid.pool.DruidDataSource : {dataSource-1} inited
2020-01-16 11:22:09.714 - INFO  [main] org.hibernate.dialect.Dialect : HHH000400: Using dialect: org.hibernate.dialect.MySQL8Dialect
2020-01-16 11:22:10.043 - WARN  [main] org.hibernate.id.UUIDHexGenerator : HHH000409: Using org.hibernate.id.UUIDHexGenerator which does not generate IETF RFC 4122 compliant UUID values; consider using org.hibernate.id.UUIDGenerator instead
2020-01-16 11:22:11.032 - INFO  [main] transaction.jta.platform.internal.JtaPlatformInitiator : HHH000490: Using JtaPlatform implementation: [org.hibernate.engine.transaction.jta.platform.internal.NoJtaPlatform]
2020-01-16 11:22:11.041 - INFO  [main] org.springframework.orm.jpa.LocalContainerEntityManagerFactoryBean : Initialized JPA EntityManagerFactory for persistence unit 'default'
2020-01-16 11:22:12.669 - INFO  [main] org.springframework.scheduling.concurrent.ThreadPoolTaskExecutor : Initializing ExecutorService 'applicationTaskExecutor'
2020-01-16 11:22:13.423 - INFO  [main] com.warsbull.blog.controller.InitTest : Started InitTest in 8.261 seconds (JVM running for 10.458)
2020-01-16 11:22:13.533 - INFO  [main] boot.test.mock.web.SpringBootMockServletContext : Initializing Spring TestDispatcherServlet ''
2020-01-16 11:22:13.533 - INFO  [main] springframework.test.web.servlet.TestDispatcherServlet : Initializing Servlet ''
2020-01-16 11:22:13.555 - INFO  [main] springframework.test.web.servlet.TestDispatcherServlet : Completed initialization in 22 ms
2020-01-16 11:22:13.583 - INFO  [main] apache.shiro.cache.ehcache.EhCacheManager : Using existing EHCache named [userCache]
2020-01-16 11:22:13.583 - INFO  [main] apache.shiro.cache.ehcache.EhCacheManager : Using existing EHCache named [userCache]
2020-01-16 11:22:13.698 - INFO  [main] apache.shiro.cache.ehcache.EhCacheManager : Using existing EHCache named [userCache]
2020-01-16 11:22:51.166 - INFO  [main] apache.shiro.cache.ehcache.EhCacheManager : Using existing EHCache named [userCache]
2020-01-16 11:22:51.167 - INFO  [main] apache.shiro.cache.ehcache.EhCacheManager : Using existing EHCache named [userCache]
2020-01-16 11:22:51.197 - INFO  [main] apache.shiro.cache.ehcache.EhCacheManager : Using existing EHCache named [userCache]
2020-01-16 11:22:51.197 - INFO  [main] apache.shiro.cache.ehcache.EhCacheManager : Using existing EHCache named [userCache]
2020-01-16 11:22:51.198 - INFO  [main] apache.shiro.cache.ehcache.EhCacheManager : Using existing EHCache named [userCache]
2020-01-16 11:22:51.260 - INFO  [SpringContextShutdownHook] org.springframework.scheduling.concurrent.ThreadPoolTaskExecutor : Shutting down ExecutorService 'applicationTaskExecutor'
2020-01-16 11:22:51.261 - INFO  [SpringContextShutdownHook] org.springframework.orm.jpa.LocalContainerEntityManagerFactoryBean : Closing JPA EntityManagerFactory for persistence unit 'default'
2020-01-16 11:22:51.271 - INFO  [SpringContextShutdownHook] com.alibaba.druid.pool.DruidDataSource : {dataSource-1} closed
2020-01-16 11:26:32.494 - INFO  [main] springframework.boot.test.context.SpringBootTestContextBootstrapper : Neither @ContextConfiguration nor @ContextHierarchy found for test class [com.warsbull.blog.controller.InitTest], using SpringBootContextLoader
2020-01-16 11:26:32.503 - INFO  [main] springframework.test.context.support.AbstractContextLoader : Could not detect default resource locations for test class [com.warsbull.blog.controller.InitTest]: no resource found for suffixes {-context.xml, Context.groovy}.
2020-01-16 11:26:32.504 - INFO  [main] springframework.test.context.support.AnnotationConfigContextLoaderUtils : Could not detect default configuration classes for test class [com.warsbull.blog.controller.InitTest]: InitTest does not declare any static, non-private, non-final, nested classes annotated with @Configuration.
2020-01-16 11:26:32.618 - INFO  [main] springframework.boot.test.context.SpringBootTestContextBootstrapper : Found @SpringBootConfiguration com.warsbull.BlogApplication for test class com.warsbull.blog.controller.InitTest
2020-01-16 11:26:32.719 - INFO  [main] springframework.boot.test.context.SpringBootTestContextBootstrapper : Loaded default TestExecutionListener class names from location [META-INF/spring.factories]: [org.springframework.boot.test.mock.mockito.MockitoTestExecutionListener, org.springframework.boot.test.mock.mockito.ResetMocksTestExecutionListener, org.springframework.boot.test.autoconfigure.restdocs.RestDocsTestExecutionListener, org.springframework.boot.test.autoconfigure.web.client.MockRestServiceServerResetTestExecutionListener, org.springframework.boot.test.autoconfigure.web.servlet.MockMvcPrintOnlyOnFailureTestExecutionListener, org.springframework.boot.test.autoconfigure.web.servlet.WebDriverTestExecutionListener, org.springframework.test.context.web.ServletTestExecutionListener, org.springframework.test.context.support.DirtiesContextBeforeModesTestExecutionListener, org.springframework.test.context.support.DependencyInjectionTestExecutionListener, org.springframework.test.context.support.DirtiesContextTestExecutionListener, org.springframework.test.context.transaction.TransactionalTestExecutionListener, org.springframework.test.context.jdbc.SqlScriptsTestExecutionListener, org.springframework.test.context.event.EventPublishingTestExecutionListener]
2020-01-16 11:26:32.746 - INFO  [main] springframework.boot.test.context.SpringBootTestContextBootstrapper : Using TestExecutionListeners: [org.springframework.test.context.web.ServletTestExecutionListener@34b9fc7d, org.springframework.test.context.support.DirtiesContextBeforeModesTestExecutionListener@27f1bbe0, org.springframework.boot.test.mock.mockito.MockitoTestExecutionListener@cda0432, org.springframework.boot.test.autoconfigure.SpringBootDependencyInjectionTestExecutionListener@7c211fd0, org.springframework.test.context.support.DirtiesContextTestExecutionListener@7004e3d, org.springframework.test.context.transaction.TransactionalTestExecutionListener@2d84cb86, org.springframework.test.context.jdbc.SqlScriptsTestExecutionListener@71a3a190, org.springframework.test.context.event.EventPublishingTestExecutionListener@588ffeb, org.springframework.boot.test.mock.mockito.ResetMocksTestExecutionListener@7c28c1, org.springframework.boot.test.autoconfigure.restdocs.RestDocsTestExecutionListener@baf1bb3, org.springframework.boot.test.autoconfigure.web.client.MockRestServiceServerResetTestExecutionListener@67ec8477, org.springframework.boot.test.autoconfigure.web.servlet.MockMvcPrintOnlyOnFailureTestExecutionListener@25d958c6, org.springframework.boot.test.autoconfigure.web.servlet.WebDriverTestExecutionListener@4482469c]
2020-01-16 11:26:33.117 - INFO  [main] com.warsbull.blog.controller.InitTest : Starting InitTest on DESKTOP-H8N7A1J with PID 7684 (started by T6094 in E:\Projects\blog\src\main\java)
2020-01-16 11:26:33.126 - INFO  [main] com.warsbull.blog.controller.InitTest : No active profile set, falling back to default profiles: default
2020-01-16 11:26:34.043 - INFO  [main] springframework.data.repository.config.RepositoryConfigurationDelegate : Multiple Spring Data modules found, entering strict repository configuration mode!
2020-01-16 11:26:34.047 - INFO  [main] springframework.data.repository.config.RepositoryConfigurationDelegate : Bootstrapping Spring Data JPA repositories in DEFAULT mode.
2020-01-16 11:26:34.236 - INFO  [main] springframework.data.repository.config.RepositoryConfigurationDelegate : Finished Spring Data repository scanning in 179ms. Found 1 JPA repository interfaces.
2020-01-16 11:26:34.252 - INFO  [main] springframework.data.repository.config.RepositoryConfigurationDelegate : Multiple Spring Data modules found, entering strict repository configuration mode!
2020-01-16 11:26:34.253 - INFO  [main] springframework.data.repository.config.RepositoryConfigurationDelegate : Bootstrapping Spring Data Redis repositories in DEFAULT mode.
2020-01-16 11:26:34.273 - INFO  [main] springframework.data.repository.config.RepositoryConfigurationExtensionSupport : Spring Data Redis - Could not safely identify store assignment for repository candidate interface com.warsbull.system.sys.dao.UserDao. If you want this repository to be a Redis repository, consider annotating your entities with one of these annotations: org.springframework.data.redis.core.RedisHash (preferred), or consider extending one of the following types with your repository: org.springframework.data.keyvalue.repository.KeyValueRepository.
2020-01-16 11:26:34.273 - INFO  [main] springframework.data.repository.config.RepositoryConfigurationDelegate : Finished Spring Data repository scanning in 12ms. Found 0 Redis repository interfaces.
2020-01-16 11:26:34.746 - INFO  [main] org.springframework.context.support.PostProcessorRegistrationDelegate$BeanPostProcessorChecker : Bean 'shiroProperties' of type [com.warsbull.system.common.security.ShiroProperties] is not eligible for getting processed by all BeanPostProcessors (for example: not eligible for auto-proxying)
2020-01-16 11:26:34.748 - INFO  [main] org.springframework.context.support.PostProcessorRegistrationDelegate$BeanPostProcessorChecker : Bean 'shiroConfig' of type [com.warsbull.system.common.config.ShiroConfig$$EnhancerBySpringCGLIB$$e69edcba] is not eligible for getting processed by all BeanPostProcessors (for example: not eligible for auto-proxying)
2020-01-16 11:26:34.782 - INFO  [main] org.springframework.context.support.PostProcessorRegistrationDelegate$BeanPostProcessorChecker : Bean 'ehCacheManager' of type [org.apache.shiro.cache.ehcache.EhCacheManager] is not eligible for getting processed by all BeanPostProcessors (for example: not eligible for auto-proxying)
2020-01-16 11:26:35.117 - INFO  [main] org.springframework.context.support.PostProcessorRegistrationDelegate$BeanPostProcessorChecker : Bean 'sysShiroRealm' of type [com.warsbull.system.common.security.SystemAuthorizingRealm] is not eligible for getting processed by all BeanPostProcessors (for example: not eligible for auto-proxying)
2020-01-16 11:26:35.274 - INFO  [main] apache.shiro.cache.ehcache.EhCacheManager : Cache with name 'com.warsbull.system.common.security.SystemAuthorizingRealm.authorizationCache' does not yet exist.  Creating now.
2020-01-16 11:26:35.276 - INFO  [main] apache.shiro.cache.ehcache.EhCacheManager : Added EhCache named [com.warsbull.system.common.security.SystemAuthorizingRealm.authorizationCache]
2020-01-16 11:26:35.293 - INFO  [main] org.springframework.context.support.PostProcessorRegistrationDelegate$BeanPostProcessorChecker : Bean 'securityManager' of type [org.apache.shiro.web.mgt.DefaultWebSecurityManager] is not eligible for getting processed by all BeanPostProcessors (for example: not eligible for auto-proxying)
2020-01-16 11:26:35.348 - INFO  [main] org.springframework.context.support.PostProcessorRegistrationDelegate$BeanPostProcessorChecker : Bean 'authorizationAttributeSourceAdvisor' of type [org.apache.shiro.spring.security.interceptor.AuthorizationAttributeSourceAdvisor] is not eligible for getting processed by all BeanPostProcessors (for example: not eligible for auto-proxying)
2020-01-16 11:26:35.362 - INFO  [main] org.springframework.context.support.PostProcessorRegistrationDelegate$BeanPostProcessorChecker : Bean 'org.springframework.transaction.annotation.ProxyTransactionManagementConfiguration' of type [org.springframework.transaction.annotation.ProxyTransactionManagementConfiguration] is not eligible for getting processed by all BeanPostProcessors (for example: not eligible for auto-proxying)
2020-01-16 11:26:35.416 - INFO  [main] org.springframework.context.support.PostProcessorRegistrationDelegate$BeanPostProcessorChecker : Bean 'spring.redis-org.springframework.boot.autoconfigure.data.redis.RedisProperties' of type [org.springframework.boot.autoconfigure.data.redis.RedisProperties] is not eligible for getting processed by all BeanPostProcessors (for example: not eligible for auto-proxying)
2020-01-16 11:26:35.425 - INFO  [main] org.springframework.context.support.PostProcessorRegistrationDelegate$BeanPostProcessorChecker : Bean 'org.springframework.boot.autoconfigure.data.redis.LettuceConnectionConfiguration' of type [org.springframework.boot.autoconfigure.data.redis.LettuceConnectionConfiguration] is not eligible for getting processed by all BeanPostProcessors (for example: not eligible for auto-proxying)
2020-01-16 11:26:35.566 - INFO  [main] org.springframework.context.support.PostProcessorRegistrationDelegate$BeanPostProcessorChecker : Bean 'lettuceClientResources' of type [io.lettuce.core.resource.DefaultClientResources] is not eligible for getting processed by all BeanPostProcessors (for example: not eligible for auto-proxying)
2020-01-16 11:26:35.775 - INFO  [main] org.springframework.context.support.PostProcessorRegistrationDelegate$BeanPostProcessorChecker : Bean 'redisConnectionFactory' of type [org.springframework.data.redis.connection.lettuce.LettuceConnectionFactory] is not eligible for getting processed by all BeanPostProcessors (for example: not eligible for auto-proxying)
2020-01-16 11:26:35.786 - INFO  [main] org.springframework.context.support.PostProcessorRegistrationDelegate$BeanPostProcessorChecker : Bean 'redisConfig' of type [com.warsbull.system.common.config.RedisConfig$$EnhancerBySpringCGLIB$$316d6404] is not eligible for getting processed by all BeanPostProcessors (for example: not eligible for auto-proxying)
2020-01-16 11:26:36.336 - INFO  [main] hibernate.jpa.internal.util.LogHelper : HHH000204: Processing PersistenceUnitInfo [name: default]
2020-01-16 11:26:36.438 - INFO  [main] org.hibernate.Version : HHH000412: Hibernate Core {5.4.7.Final}
2020-01-16 11:26:36.632 - INFO  [main] org.hibernate.annotations.common.Version : HCANN000001: Hibernate Commons Annotations {5.1.0.Final}
2020-01-16 11:26:36.870 - INFO  [main] com.alibaba.druid.pool.DruidDataSource : {dataSource-1} inited
2020-01-16 11:26:37.048 - INFO  [main] org.hibernate.dialect.Dialect : HHH000400: Using dialect: org.hibernate.dialect.MySQL8Dialect
2020-01-16 11:26:37.378 - WARN  [main] org.hibernate.id.UUIDHexGenerator : HHH000409: Using org.hibernate.id.UUIDHexGenerator which does not generate IETF RFC 4122 compliant UUID values; consider using org.hibernate.id.UUIDGenerator instead
2020-01-16 11:26:38.418 - INFO  [main] transaction.jta.platform.internal.JtaPlatformInitiator : HHH000490: Using JtaPlatform implementation: [org.hibernate.engine.transaction.jta.platform.internal.NoJtaPlatform]
2020-01-16 11:26:38.429 - INFO  [main] org.springframework.orm.jpa.LocalContainerEntityManagerFactoryBean : Initialized JPA EntityManagerFactory for persistence unit 'default'
2020-01-16 11:26:40.415 - INFO  [main] org.springframework.scheduling.concurrent.ThreadPoolTaskExecutor : Initializing ExecutorService 'applicationTaskExecutor'
2020-01-16 11:26:41.089 - INFO  [main] com.warsbull.blog.controller.InitTest : Started InitTest in 8.289 seconds (JVM running for 10.869)
2020-01-16 11:26:41.174 - INFO  [main] boot.test.mock.web.SpringBootMockServletContext : Initializing Spring TestDispatcherServlet ''
2020-01-16 11:26:41.174 - INFO  [main] springframework.test.web.servlet.TestDispatcherServlet : Initializing Servlet ''
2020-01-16 11:26:41.193 - INFO  [main] springframework.test.web.servlet.TestDispatcherServlet : Completed initialization in 19 ms
2020-01-16 11:26:41.217 - INFO  [main] apache.shiro.cache.ehcache.EhCacheManager : Using existing EHCache named [userCache]
2020-01-16 11:26:41.217 - INFO  [main] apache.shiro.cache.ehcache.EhCacheManager : Using existing EHCache named [userCache]
2020-01-16 11:26:41.346 - INFO  [main] apache.shiro.cache.ehcache.EhCacheManager : Using existing EHCache named [userCache]
2020-01-16 11:26:41.383 - INFO  [main] apache.shiro.cache.ehcache.EhCacheManager : Using existing EHCache named [userCache]
2020-01-16 11:26:41.383 - INFO  [main] apache.shiro.cache.ehcache.EhCacheManager : Using existing EHCache named [userCache]
2020-01-16 11:26:41.407 - INFO  [main] apache.shiro.cache.ehcache.EhCacheManager : Using existing EHCache named [userCache]
2020-01-16 11:26:41.472 - INFO  [SpringContextShutdownHook] org.springframework.scheduling.concurrent.ThreadPoolTaskExecutor : Shutting down ExecutorService 'applicationTaskExecutor'
2020-01-16 11:26:41.473 - INFO  [SpringContextShutdownHook] org.springframework.orm.jpa.LocalContainerEntityManagerFactoryBean : Closing JPA EntityManagerFactory for persistence unit 'default'
2020-01-16 11:26:41.483 - INFO  [SpringContextShutdownHook] com.alibaba.druid.pool.DruidDataSource : {dataSource-1} closed
2020-01-16 11:26:58.544 - INFO  [main] springframework.boot.test.context.SpringBootTestContextBootstrapper : Neither @ContextConfiguration nor @ContextHierarchy found for test class [com.warsbull.blog.controller.InitTest], using SpringBootContextLoader
2020-01-16 11:26:58.554 - INFO  [main] springframework.test.context.support.AbstractContextLoader : Could not detect default resource locations for test class [com.warsbull.blog.controller.InitTest]: no resource found for suffixes {-context.xml, Context.groovy}.
2020-01-16 11:26:58.554 - INFO  [main] springframework.test.context.support.AnnotationConfigContextLoaderUtils : Could not detect default configuration classes for test class [com.warsbull.blog.controller.InitTest]: InitTest does not declare any static, non-private, non-final, nested classes annotated with @Configuration.
2020-01-16 11:26:58.659 - INFO  [main] springframework.boot.test.context.SpringBootTestContextBootstrapper : Found @SpringBootConfiguration com.warsbull.BlogApplication for test class com.warsbull.blog.controller.InitTest
2020-01-16 11:26:58.763 - INFO  [main] springframework.boot.test.context.SpringBootTestContextBootstrapper : Loaded default TestExecutionListener class names from location [META-INF/spring.factories]: [org.springframework.boot.test.mock.mockito.MockitoTestExecutionListener, org.springframework.boot.test.mock.mockito.ResetMocksTestExecutionListener, org.springframework.boot.test.autoconfigure.restdocs.RestDocsTestExecutionListener, org.springframework.boot.test.autoconfigure.web.client.MockRestServiceServerResetTestExecutionListener, org.springframework.boot.test.autoconfigure.web.servlet.MockMvcPrintOnlyOnFailureTestExecutionListener, org.springframework.boot.test.autoconfigure.web.servlet.WebDriverTestExecutionListener, org.springframework.test.context.web.ServletTestExecutionListener, org.springframework.test.context.support.DirtiesContextBeforeModesTestExecutionListener, org.springframework.test.context.support.DependencyInjectionTestExecutionListener, org.springframework.test.context.support.DirtiesContextTestExecutionListener, org.springframework.test.context.transaction.TransactionalTestExecutionListener, org.springframework.test.context.jdbc.SqlScriptsTestExecutionListener, org.springframework.test.context.event.EventPublishingTestExecutionListener]
2020-01-16 11:26:58.790 - INFO  [main] springframework.boot.test.context.SpringBootTestContextBootstrapper : Using TestExecutionListeners: [org.springframework.test.context.web.ServletTestExecutionListener@27f1bbe0, org.springframework.test.context.support.DirtiesContextBeforeModesTestExecutionListener@cda0432, org.springframework.boot.test.mock.mockito.MockitoTestExecutionListener@7c211fd0, org.springframework.boot.test.autoconfigure.SpringBootDependencyInjectionTestExecutionListener@7004e3d, org.springframework.test.context.support.DirtiesContextTestExecutionListener@2d84cb86, org.springframework.test.context.transaction.TransactionalTestExecutionListener@71a3a190, org.springframework.test.context.jdbc.SqlScriptsTestExecutionListener@588ffeb, org.springframework.test.context.event.EventPublishingTestExecutionListener@7c28c1, org.springframework.boot.test.mock.mockito.ResetMocksTestExecutionListener@baf1bb3, org.springframework.boot.test.autoconfigure.restdocs.RestDocsTestExecutionListener@67ec8477, org.springframework.boot.test.autoconfigure.web.client.MockRestServiceServerResetTestExecutionListener@25d958c6, org.springframework.boot.test.autoconfigure.web.servlet.MockMvcPrintOnlyOnFailureTestExecutionListener@4482469c, org.springframework.boot.test.autoconfigure.web.servlet.WebDriverTestExecutionListener@3703bf3c]
2020-01-16 11:26:59.185 - INFO  [main] com.warsbull.blog.controller.InitTest : Starting InitTest on DESKTOP-H8N7A1J with PID 6372 (started by T6094 in E:\Projects\blog\src\main\java)
2020-01-16 11:26:59.190 - INFO  [main] com.warsbull.blog.controller.InitTest : No active profile set, falling back to default profiles: default
2020-01-16 11:27:00.081 - INFO  [main] springframework.data.repository.config.RepositoryConfigurationDelegate : Multiple Spring Data modules found, entering strict repository configuration mode!
2020-01-16 11:27:00.086 - INFO  [main] springframework.data.repository.config.RepositoryConfigurationDelegate : Bootstrapping Spring Data JPA repositories in DEFAULT mode.
2020-01-16 11:27:00.274 - INFO  [main] springframework.data.repository.config.RepositoryConfigurationDelegate : Finished Spring Data repository scanning in 178ms. Found 1 JPA repository interfaces.
2020-01-16 11:27:00.293 - INFO  [main] springframework.data.repository.config.RepositoryConfigurationDelegate : Multiple Spring Data modules found, entering strict repository configuration mode!
2020-01-16 11:27:00.294 - INFO  [main] springframework.data.repository.config.RepositoryConfigurationDelegate : Bootstrapping Spring Data Redis repositories in DEFAULT mode.
2020-01-16 11:27:00.317 - INFO  [main] springframework.data.repository.config.RepositoryConfigurationExtensionSupport : Spring Data Redis - Could not safely identify store assignment for repository candidate interface com.warsbull.system.sys.dao.UserDao. If you want this repository to be a Redis repository, consider annotating your entities with one of these annotations: org.springframework.data.redis.core.RedisHash (preferred), or consider extending one of the following types with your repository: org.springframework.data.keyvalue.repository.KeyValueRepository.
2020-01-16 11:27:00.317 - INFO  [main] springframework.data.repository.config.RepositoryConfigurationDelegate : Finished Spring Data repository scanning in 13ms. Found 0 Redis repository interfaces.
2020-01-16 11:27:00.812 - INFO  [main] org.springframework.context.support.PostProcessorRegistrationDelegate$BeanPostProcessorChecker : Bean 'shiroProperties' of type [com.warsbull.system.common.security.ShiroProperties] is not eligible for getting processed by all BeanPostProcessors (for example: not eligible for auto-proxying)
2020-01-16 11:27:00.813 - INFO  [main] org.springframework.context.support.PostProcessorRegistrationDelegate$BeanPostProcessorChecker : Bean 'shiroConfig' of type [com.warsbull.system.common.config.ShiroConfig$$EnhancerBySpringCGLIB$$318a07ce] is not eligible for getting processed by all BeanPostProcessors (for example: not eligible for auto-proxying)
2020-01-16 11:27:00.851 - INFO  [main] org.springframework.context.support.PostProcessorRegistrationDelegate$BeanPostProcessorChecker : Bean 'ehCacheManager' of type [org.apache.shiro.cache.ehcache.EhCacheManager] is not eligible for getting processed by all BeanPostProcessors (for example: not eligible for auto-proxying)
2020-01-16 11:27:01.216 - INFO  [main] org.springframework.context.support.PostProcessorRegistrationDelegate$BeanPostProcessorChecker : Bean 'sysShiroRealm' of type [com.warsbull.system.common.security.SystemAuthorizingRealm] is not eligible for getting processed by all BeanPostProcessors (for example: not eligible for auto-proxying)
2020-01-16 11:27:01.367 - INFO  [main] apache.shiro.cache.ehcache.EhCacheManager : Cache with name 'com.warsbull.system.common.security.SystemAuthorizingRealm.authorizationCache' does not yet exist.  Creating now.
2020-01-16 11:27:01.369 - INFO  [main] apache.shiro.cache.ehcache.EhCacheManager : Added EhCache named [com.warsbull.system.common.security.SystemAuthorizingRealm.authorizationCache]
2020-01-16 11:27:01.385 - INFO  [main] org.springframework.context.support.PostProcessorRegistrationDelegate$BeanPostProcessorChecker : Bean 'securityManager' of type [org.apache.shiro.web.mgt.DefaultWebSecurityManager] is not eligible for getting processed by all BeanPostProcessors (for example: not eligible for auto-proxying)
2020-01-16 11:27:01.446 - INFO  [main] org.springframework.context.support.PostProcessorRegistrationDelegate$BeanPostProcessorChecker : Bean 'authorizationAttributeSourceAdvisor' of type [org.apache.shiro.spring.security.interceptor.AuthorizationAttributeSourceAdvisor] is not eligible for getting processed by all BeanPostProcessors (for example: not eligible for auto-proxying)
2020-01-16 11:27:01.463 - INFO  [main] org.springframework.context.support.PostProcessorRegistrationDelegate$BeanPostProcessorChecker : Bean 'org.springframework.transaction.annotation.ProxyTransactionManagementConfiguration' of type [org.springframework.transaction.annotation.ProxyTransactionManagementConfiguration] is not eligible for getting processed by all BeanPostProcessors (for example: not eligible for auto-proxying)
2020-01-16 11:27:01.532 - INFO  [main] org.springframework.context.support.PostProcessorRegistrationDelegate$BeanPostProcessorChecker : Bean 'spring.redis-org.springframework.boot.autoconfigure.data.redis.RedisProperties' of type [org.springframework.boot.autoconfigure.data.redis.RedisProperties] is not eligible for getting processed by all BeanPostProcessors (for example: not eligible for auto-proxying)
2020-01-16 11:27:01.540 - INFO  [main] org.springframework.context.support.PostProcessorRegistrationDelegate$BeanPostProcessorChecker : Bean 'org.springframework.boot.autoconfigure.data.redis.LettuceConnectionConfiguration' of type [org.springframework.boot.autoconfigure.data.redis.LettuceConnectionConfiguration] is not eligible for getting processed by all BeanPostProcessors (for example: not eligible for auto-proxying)
2020-01-16 11:27:01.697 - INFO  [main] org.springframework.context.support.PostProcessorRegistrationDelegate$BeanPostProcessorChecker : Bean 'lettuceClientResources' of type [io.lettuce.core.resource.DefaultClientResources] is not eligible for getting processed by all BeanPostProcessors (for example: not eligible for auto-proxying)
2020-01-16 11:27:01.851 - INFO  [main] org.springframework.context.support.PostProcessorRegistrationDelegate$BeanPostProcessorChecker : Bean 'redisConnectionFactory' of type [org.springframework.data.redis.connection.lettuce.LettuceConnectionFactory] is not eligible for getting processed by all BeanPostProcessors (for example: not eligible for auto-proxying)
2020-01-16 11:27:01.863 - INFO  [main] org.springframework.context.support.PostProcessorRegistrationDelegate$BeanPostProcessorChecker : Bean 'redisConfig' of type [com.warsbull.system.common.config.RedisConfig$$EnhancerBySpringCGLIB$$7c588f18] is not eligible for getting processed by all BeanPostProcessors (for example: not eligible for auto-proxying)
2020-01-16 11:27:02.316 - INFO  [main] hibernate.jpa.internal.util.LogHelper : HHH000204: Processing PersistenceUnitInfo [name: default]
2020-01-16 11:27:02.414 - INFO  [main] org.hibernate.Version : HHH000412: Hibernate Core {5.4.7.Final}
2020-01-16 11:27:02.641 - INFO  [main] org.hibernate.annotations.common.Version : HCANN000001: Hibernate Commons Annotations {5.1.0.Final}
2020-01-16 11:27:02.881 - INFO  [main] com.alibaba.druid.pool.DruidDataSource : {dataSource-1} inited
2020-01-16 11:27:03.066 - INFO  [main] org.hibernate.dialect.Dialect : HHH000400: Using dialect: org.hibernate.dialect.MySQL8Dialect
2020-01-16 11:27:03.350 - WARN  [main] org.hibernate.id.UUIDHexGenerator : HHH000409: Using org.hibernate.id.UUIDHexGenerator which does not generate IETF RFC 4122 compliant UUID values; consider using org.hibernate.id.UUIDGenerator instead
2020-01-16 11:27:04.245 - INFO  [main] transaction.jta.platform.internal.JtaPlatformInitiator : HHH000490: Using JtaPlatform implementation: [org.hibernate.engine.transaction.jta.platform.internal.NoJtaPlatform]
2020-01-16 11:27:04.257 - INFO  [main] org.springframework.orm.jpa.LocalContainerEntityManagerFactoryBean : Initialized JPA EntityManagerFactory for persistence unit 'default'
2020-01-16 11:27:05.969 - INFO  [main] org.springframework.scheduling.concurrent.ThreadPoolTaskExecutor : Initializing ExecutorService 'applicationTaskExecutor'
2020-01-16 11:27:06.931 - INFO  [main] com.warsbull.blog.controller.InitTest : Started InitTest in 8.084 seconds (JVM running for 10.544)
2020-01-16 11:27:07.026 - INFO  [main] boot.test.mock.web.SpringBootMockServletContext : Initializing Spring TestDispatcherServlet ''
2020-01-16 11:27:07.026 - INFO  [main] springframework.test.web.servlet.TestDispatcherServlet : Initializing Servlet ''
2020-01-16 11:27:07.045 - INFO  [main] springframework.test.web.servlet.TestDispatcherServlet : Completed initialization in 19 ms
2020-01-16 11:27:07.070 - INFO  [main] apache.shiro.cache.ehcache.EhCacheManager : Using existing EHCache named [userCache]
2020-01-16 11:27:07.070 - INFO  [main] apache.shiro.cache.ehcache.EhCacheManager : Using existing EHCache named [userCache]
2020-01-16 11:27:07.198 - INFO  [main] apache.shiro.cache.ehcache.EhCacheManager : Using existing EHCache named [userCache]
2020-01-16 11:27:07.227 - INFO  [main] apache.shiro.cache.ehcache.EhCacheManager : Using existing EHCache named [userCache]
2020-01-16 11:27:07.227 - INFO  [main] apache.shiro.cache.ehcache.EhCacheManager : Using existing EHCache named [userCache]
2020-01-16 11:27:07.249 - INFO  [main] apache.shiro.cache.ehcache.EhCacheManager : Using existing EHCache named [userCache]
2020-01-16 11:27:07.302 - INFO  [SpringContextShutdownHook] org.springframework.scheduling.concurrent.ThreadPoolTaskExecutor : Shutting down ExecutorService 'applicationTaskExecutor'
2020-01-16 11:27:07.303 - INFO  [SpringContextShutdownHook] org.springframework.orm.jpa.LocalContainerEntityManagerFactoryBean : Closing JPA EntityManagerFactory for persistence unit 'default'
2020-01-16 11:27:07.314 - INFO  [SpringContextShutdownHook] com.alibaba.druid.pool.DruidDataSource : {dataSource-1} closed
